[0mCMake Error: The current CMakeCache.txt directory /home/ros/CyberTron/build/my_package/CMakeCache.txt is different than the directory /home/ros/dev_ws/build/my_package where CMakeCache.txt was created. This may result in binaries being created in the wrong place. If you are not sure, reedit the CMakeCache.txt[0m
-- Install configuration: ""
-- Execute custom install script
-- Up-to-date symlink: /home/ros/dev_ws/install/my_package/share/my_package/launch/listener.launch.py
-- Up-to-date symlink: /home/ros/dev_ws/install/my_package/share/my_package/launch/talker.launch.py
-- Up-to-date symlink: /home/ros/dev_ws/install/my_package/share/ament_index/resource_index/package_run_dependencies/my_package
-- Up-to-date symlink: /home/ros/dev_ws/install/my_package/share/ament_index/resource_index/parent_prefix_path/my_package
-- Up-to-date symlink: /home/ros/dev_ws/install/my_package/share/my_package/environment/ament_prefix_path.sh
-- Up-to-date symlink: /home/ros/dev_ws/install/my_package/share/my_package/environment/ament_prefix_path.dsv
-- Up-to-date symlink: /home/ros/dev_ws/install/my_package/share/my_package/environment/path.sh
-- Up-to-date symlink: /home/ros/dev_ws/install/my_package/share/my_package/environment/path.dsv
-- Up-to-date symlink: /home/ros/dev_ws/install/my_package/share/my_package/local_setup.bash
-- Up-to-date symlink: /home/ros/dev_ws/install/my_package/share/my_package/local_setup.sh
-- Up-to-date symlink: /home/ros/dev_ws/install/my_package/share/my_package/local_setup.zsh
-- Up-to-date symlink: /home/ros/dev_ws/install/my_package/share/my_package/local_setup.dsv
-- Up-to-date symlink: /home/ros/dev_ws/install/my_package/share/my_package/package.dsv
-- Up-to-date symlink: /home/ros/dev_ws/install/my_package/share/ament_index/resource_index/packages/my_package
-- Up-to-date symlink: /home/ros/dev_ws/install/my_package/share/my_package/cmake/my_packageConfig.cmake
-- Up-to-date symlink: /home/ros/dev_ws/install/my_package/share/my_package/cmake/my_packageConfig-version.cmake
-- Up-to-date symlink: /home/ros/dev_ws/install/my_package/share/my_package/package.xml
