[0.051s] Invoking command in '/home/ros/dev_ws/build/my_bot': CMAKE_PREFIX_PATH=/opt/ros/humble /usr/bin/cmake /home/ros/dev_ws/src/my_bot -DCMAKE_INSTALL_PREFIX=/home/ros/dev_ws/install/my_bot
[0.064s] -- Found ament_cmake: 1.3.8 (/opt/ros/humble/share/ament_cmake/cmake)
[0.168s] -- Override CMake install command with custom implementation using symlinks instead of copying resources
[0.172s] -- Found ament_lint_auto: 0.12.10 (/opt/ros/humble/share/ament_lint_auto/cmake)
[0.226s] -- Added test 'copyright' to check source files copyright and LICENSE
[0.232s] -- Added test 'flake8' to check Python code syntax and style conventions
[0.233s] -- Added test 'lint_cmake' to check CMake code style
[0.234s] -- Added test 'pep257' to check Python code against some of the docstring style conventions in PEP 257
[0.235s] -- Added test 'xmllint' to check XML markup files
[0.236s] -- Configuring done
[0.241s] -- Generating done
[0.241s] -- Build files have been written to: /home/ros/dev_ws/build/my_bot
[0.246s] Invoked command in '/home/ros/dev_ws/build/my_bot' returned '0': CMAKE_PREFIX_PATH=/opt/ros/humble /usr/bin/cmake /home/ros/dev_ws/src/my_bot -DCMAKE_INSTALL_PREFIX=/home/ros/dev_ws/install/my_bot
[0.249s] Invoking command in '/home/ros/dev_ws/build/my_bot': CMAKE_PREFIX_PATH=/opt/ros/humble /usr/bin/cmake --build /home/ros/dev_ws/build/my_bot -- -j16 -l16
[0.280s] Invoked command in '/home/ros/dev_ws/build/my_bot' returned '0': CMAKE_PREFIX_PATH=/opt/ros/humble /usr/bin/cmake --build /home/ros/dev_ws/build/my_bot -- -j16 -l16
[0.312s] Invoking command in '/home/ros/dev_ws/build/my_bot': CMAKE_PREFIX_PATH=/opt/ros/humble /usr/bin/cmake --install /home/ros/dev_ws/build/my_bot
[0.320s] -- Install configuration: ""
[0.320s] -- Execute custom install script
[0.321s] -- Up-to-date symlink: /home/ros/dev_ws/install/my_bot/share/my_bot/config/empty.yaml
[0.321s] -- Up-to-date symlink: /home/ros/dev_ws/install/my_bot/share/my_bot/description/robot.urdf.xacro
[0.321s] -- Up-to-date symlink: /home/ros/dev_ws/install/my_bot/share/my_bot/launch/rsp.launch.py
[0.321s] -- Up-to-date symlink: /home/ros/dev_ws/install/my_bot/share/my_bot/worlds/empty.world
[0.322s] -- Up-to-date symlink: /home/ros/dev_ws/install/my_bot/share/ament_index/resource_index/package_run_dependencies/my_bot
[0.322s] -- Up-to-date symlink: /home/ros/dev_ws/install/my_bot/share/ament_index/resource_index/parent_prefix_path/my_bot
[0.322s] -- Up-to-date symlink: /home/ros/dev_ws/install/my_bot/share/my_bot/environment/ament_prefix_path.sh
[0.322s] -- Up-to-date symlink: /home/ros/dev_ws/install/my_bot/share/my_bot/environment/ament_prefix_path.dsv
[0.323s] -- Up-to-date symlink: /home/ros/dev_ws/install/my_bot/share/my_bot/environment/path.sh
[0.323s] -- Up-to-date symlink: /home/ros/dev_ws/install/my_bot/share/my_bot/environment/path.dsv
[0.323s] -- Up-to-date symlink: /home/ros/dev_ws/install/my_bot/share/my_bot/local_setup.bash
[0.323s] -- Up-to-date symlink: /home/ros/dev_ws/install/my_bot/share/my_bot/local_setup.sh
[0.324s] -- Up-to-date symlink: /home/ros/dev_ws/install/my_bot/share/my_bot/local_setup.zsh
[0.324s] -- Up-to-date symlink: /home/ros/dev_ws/install/my_bot/share/my_bot/local_setup.dsv
[0.324s] -- Symlinking: /home/ros/dev_ws/install/my_bot/share/my_bot/package.dsv
[0.334s] -- Up-to-date symlink: /home/ros/dev_ws/install/my_bot/share/ament_index/resource_index/packages/my_bot
[0.334s] -- Up-to-date symlink: /home/ros/dev_ws/install/my_bot/share/my_bot/cmake/my_botConfig.cmake
[0.335s] -- Up-to-date symlink: /home/ros/dev_ws/install/my_bot/share/my_bot/cmake/my_botConfig-version.cmake
[0.335s] -- Up-to-date symlink: /home/ros/dev_ws/install/my_bot/share/my_bot/package.xml
[0.337s] Invoked command in '/home/ros/dev_ws/build/my_bot' returned '0': CMAKE_PREFIX_PATH=/opt/ros/humble /usr/bin/cmake --install /home/ros/dev_ws/build/my_bot
