[0.679s] DEBUG:colcon:Command line arguments: ['/usr/bin/colcon', 'build', '--symlink-install']
[0.679s] DEBUG:colcon:Parsed command line arguments: Namespace(log_base=None, log_level=None, verb_name='build', build_base='build', install_base='install', merge_install=False, symlink_install=True, test_result_base=None, continue_on_error=False, executor='parallel', parallel_workers=16, event_handlers=None, ignore_user_meta=False, metas=['./colcon.meta'], base_paths=['.'], packages_ignore=None, packages_ignore_regex=None, paths=None, packages_up_to=None, packages_up_to_regex=None, packages_above=None, packages_above_and_dependencies=None, packages_above_depth=None, packages_select_by_dep=None, packages_skip_by_dep=None, packages_skip_up_to=None, packages_select_build_failed=False, packages_skip_build_finished=False, packages_select_test_failures=False, packages_skip_test_passed=False, packages_select=None, packages_skip=None, packages_select_regex=None, packages_skip_regex=None, packages_start=None, packages_end=None, allow_overriding=[], cmake_args=None, cmake_target=None, cmake_target_skip_unavailable=False, cmake_clean_cache=False, cmake_clean_first=False, cmake_force_configure=False, ament_cmake_args=None, catkin_cmake_args=None, catkin_skip_building_tests=False, verb_parser=<colcon_defaults.argument_parser.defaults.DefaultArgumentsDecorator object at 0x7f4dfcde18a0>, verb_extension=<colcon_core.verb.build.BuildVerb object at 0x7f4dfcd9d630>, main=<bound method BuildVerb.main of <colcon_core.verb.build.BuildVerb object at 0x7f4dfcd9d630>>)
[0.701s] Level 1:colcon.colcon_core.package_discovery:discover_packages(colcon_meta) check parameters
[0.701s] Level 1:colcon.colcon_core.package_discovery:discover_packages(recursive) check parameters
[0.701s] Level 1:colcon.colcon_core.package_discovery:discover_packages(ignore) check parameters
[0.701s] Level 1:colcon.colcon_core.package_discovery:discover_packages(path) check parameters
[0.701s] Level 1:colcon.colcon_core.package_discovery:discover_packages(colcon_meta) discover
[0.701s] Level 1:colcon.colcon_core.package_discovery:discover_packages(recursive) discover
[0.701s] INFO:colcon.colcon_core.package_discovery:Crawling recursively for packages in '/home/ros/dev_ws'
[0.701s] Level 1:colcon.colcon_core.package_identification:_identify(.) by extensions ['ignore', 'ignore_ament_install']
[0.701s] Level 1:colcon.colcon_core.package_identification:_identify(.) by extension 'ignore'
[0.701s] Level 1:colcon.colcon_core.package_identification:_identify(.) by extension 'ignore_ament_install'
[0.701s] Level 1:colcon.colcon_core.package_identification:_identify(.) by extensions ['colcon_pkg']
[0.701s] Level 1:colcon.colcon_core.package_identification:_identify(.) by extension 'colcon_pkg'
[0.701s] Level 1:colcon.colcon_core.package_identification:_identify(.) by extensions ['colcon_meta']
[0.701s] Level 1:colcon.colcon_core.package_identification:_identify(.) by extension 'colcon_meta'
[0.701s] Level 1:colcon.colcon_core.package_identification:_identify(.) by extensions ['ros']
[0.701s] Level 1:colcon.colcon_core.package_identification:_identify(.) by extension 'ros'
[0.708s] Level 1:colcon.colcon_core.package_identification:_identify(.) by extensions ['cmake', 'python']
[0.708s] Level 1:colcon.colcon_core.package_identification:_identify(.) by extension 'cmake'
[0.708s] Level 1:colcon.colcon_core.package_identification:_identify(.) by extension 'python'
[0.708s] Level 1:colcon.colcon_core.package_identification:_identify(.) by extensions ['python_setup_py']
[0.708s] Level 1:colcon.colcon_core.package_identification:_identify(.) by extension 'python_setup_py'
[0.708s] Level 1:colcon.colcon_core.package_identification:_identify(build) by extensions ['ignore', 'ignore_ament_install']
[0.708s] Level 1:colcon.colcon_core.package_identification:_identify(build) by extension 'ignore'
[0.708s] Level 1:colcon.colcon_core.package_identification:_identify(build) ignored
[0.708s] Level 1:colcon.colcon_core.package_identification:_identify(install) by extensions ['ignore', 'ignore_ament_install']
[0.708s] Level 1:colcon.colcon_core.package_identification:_identify(install) by extension 'ignore'
[0.708s] Level 1:colcon.colcon_core.package_identification:_identify(install) ignored
[0.708s] Level 1:colcon.colcon_core.package_identification:_identify(log) by extensions ['ignore', 'ignore_ament_install']
[0.708s] Level 1:colcon.colcon_core.package_identification:_identify(log) by extension 'ignore'
[0.708s] Level 1:colcon.colcon_core.package_identification:_identify(log) ignored
[0.708s] Level 1:colcon.colcon_core.package_identification:_identify(src) by extensions ['ignore', 'ignore_ament_install']
[0.708s] Level 1:colcon.colcon_core.package_identification:_identify(src) by extension 'ignore'
[0.708s] Level 1:colcon.colcon_core.package_identification:_identify(src) by extension 'ignore_ament_install'
[0.708s] Level 1:colcon.colcon_core.package_identification:_identify(src) by extensions ['colcon_pkg']
[0.708s] Level 1:colcon.colcon_core.package_identification:_identify(src) by extension 'colcon_pkg'
[0.708s] Level 1:colcon.colcon_core.package_identification:_identify(src) by extensions ['colcon_meta']
[0.708s] Level 1:colcon.colcon_core.package_identification:_identify(src) by extension 'colcon_meta'
[0.708s] Level 1:colcon.colcon_core.package_identification:_identify(src) by extensions ['ros']
[0.708s] Level 1:colcon.colcon_core.package_identification:_identify(src) by extension 'ros'
[0.708s] Level 1:colcon.colcon_core.package_identification:_identify(src) by extensions ['cmake', 'python']
[0.708s] Level 1:colcon.colcon_core.package_identification:_identify(src) by extension 'cmake'
[0.708s] Level 1:colcon.colcon_core.package_identification:_identify(src) by extension 'python'
[0.708s] Level 1:colcon.colcon_core.package_identification:_identify(src) by extensions ['python_setup_py']
[0.708s] Level 1:colcon.colcon_core.package_identification:_identify(src) by extension 'python_setup_py'
[0.709s] Level 1:colcon.colcon_core.package_identification:_identify(src/my_bot) by extensions ['ignore', 'ignore_ament_install']
[0.709s] Level 1:colcon.colcon_core.package_identification:_identify(src/my_bot) by extension 'ignore'
[0.709s] Level 1:colcon.colcon_core.package_identification:_identify(src/my_bot) by extension 'ignore_ament_install'
[0.709s] Level 1:colcon.colcon_core.package_identification:_identify(src/my_bot) by extensions ['colcon_pkg']
[0.709s] Level 1:colcon.colcon_core.package_identification:_identify(src/my_bot) by extension 'colcon_pkg'
[0.709s] Level 1:colcon.colcon_core.package_identification:_identify(src/my_bot) by extensions ['colcon_meta']
[0.709s] Level 1:colcon.colcon_core.package_identification:_identify(src/my_bot) by extension 'colcon_meta'
[0.709s] Level 1:colcon.colcon_core.package_identification:_identify(src/my_bot) by extensions ['ros']
[0.709s] Level 1:colcon.colcon_core.package_identification:_identify(src/my_bot) by extension 'ros'
[0.710s] DEBUG:colcon.colcon_core.package_identification:Package 'src/my_bot' with type 'ros.ament_cmake' and name 'my_bot'
[0.710s] Level 1:colcon.colcon_core.package_identification:_identify(src/my_package) by extensions ['ignore', 'ignore_ament_install']
[0.710s] Level 1:colcon.colcon_core.package_identification:_identify(src/my_package) by extension 'ignore'
[0.710s] Level 1:colcon.colcon_core.package_identification:_identify(src/my_package) by extension 'ignore_ament_install'
[0.710s] Level 1:colcon.colcon_core.package_identification:_identify(src/my_package) by extensions ['colcon_pkg']
[0.710s] Level 1:colcon.colcon_core.package_identification:_identify(src/my_package) by extension 'colcon_pkg'
[0.710s] Level 1:colcon.colcon_core.package_identification:_identify(src/my_package) by extensions ['colcon_meta']
[0.710s] Level 1:colcon.colcon_core.package_identification:_identify(src/my_package) by extension 'colcon_meta'
[0.710s] Level 1:colcon.colcon_core.package_identification:_identify(src/my_package) by extensions ['ros']
[0.710s] Level 1:colcon.colcon_core.package_identification:_identify(src/my_package) by extension 'ros'
[0.710s] DEBUG:colcon.colcon_core.package_identification:Package 'src/my_package' with type 'ros.ament_cmake' and name 'my_package'
[0.710s] Level 1:colcon.colcon_core.package_discovery:discover_packages(recursive) using defaults
[0.710s] Level 1:colcon.colcon_core.package_discovery:discover_packages(ignore) discover
[0.710s] Level 1:colcon.colcon_core.package_discovery:discover_packages(ignore) using defaults
[0.710s] Level 1:colcon.colcon_core.package_discovery:discover_packages(path) discover
[0.710s] Level 1:colcon.colcon_core.package_discovery:discover_packages(path) using defaults
[0.754s] Level 1:colcon.colcon_core.package_discovery:discover_packages(prefix_path) check parameters
[0.754s] Level 1:colcon.colcon_core.package_discovery:discover_packages(prefix_path) discover
[0.766s] DEBUG:colcon.colcon_installed_package_information.package_discovery:Found 2 installed packages in /home/ros/dev_ws/install
[0.773s] DEBUG:colcon.colcon_installed_package_information.package_discovery:Found 326 installed packages in /opt/ros/humble
[0.774s] Level 1:colcon.colcon_core.package_discovery:discover_packages(prefix_path) using defaults
[0.832s] Level 5:colcon.colcon_core.verb:set package 'my_bot' build argument 'cmake_args' from command line to 'None'
[0.832s] Level 5:colcon.colcon_core.verb:set package 'my_bot' build argument 'cmake_target' from command line to 'None'
[0.832s] Level 5:colcon.colcon_core.verb:set package 'my_bot' build argument 'cmake_target_skip_unavailable' from command line to 'False'
[0.832s] Level 5:colcon.colcon_core.verb:set package 'my_bot' build argument 'cmake_clean_cache' from command line to 'False'
[0.832s] Level 5:colcon.colcon_core.verb:set package 'my_bot' build argument 'cmake_clean_first' from command line to 'False'
[0.832s] Level 5:colcon.colcon_core.verb:set package 'my_bot' build argument 'cmake_force_configure' from command line to 'False'
[0.832s] Level 5:colcon.colcon_core.verb:set package 'my_bot' build argument 'ament_cmake_args' from command line to 'None'
[0.832s] Level 5:colcon.colcon_core.verb:set package 'my_bot' build argument 'catkin_cmake_args' from command line to 'None'
[0.832s] Level 5:colcon.colcon_core.verb:set package 'my_bot' build argument 'catkin_skip_building_tests' from command line to 'False'
[0.832s] DEBUG:colcon.colcon_core.verb:Building package 'my_bot' with the following arguments: {'ament_cmake_args': None, 'build_base': '/home/ros/dev_ws/build/my_bot', 'catkin_cmake_args': None, 'catkin_skip_building_tests': False, 'cmake_args': None, 'cmake_clean_cache': False, 'cmake_clean_first': False, 'cmake_force_configure': False, 'cmake_target': None, 'cmake_target_skip_unavailable': False, 'install_base': '/home/ros/dev_ws/install/my_bot', 'merge_install': False, 'path': '/home/ros/dev_ws/src/my_bot', 'symlink_install': True, 'test_result_base': None}
[0.838s] Level 5:colcon.colcon_core.verb:set package 'my_package' build argument 'cmake_args' from command line to 'None'
[0.838s] Level 5:colcon.colcon_core.verb:set package 'my_package' build argument 'cmake_target' from command line to 'None'
[0.838s] Level 5:colcon.colcon_core.verb:set package 'my_package' build argument 'cmake_target_skip_unavailable' from command line to 'False'
[0.838s] Level 5:colcon.colcon_core.verb:set package 'my_package' build argument 'cmake_clean_cache' from command line to 'False'
[0.838s] Level 5:colcon.colcon_core.verb:set package 'my_package' build argument 'cmake_clean_first' from command line to 'False'
[0.838s] Level 5:colcon.colcon_core.verb:set package 'my_package' build argument 'cmake_force_configure' from command line to 'False'
[0.838s] Level 5:colcon.colcon_core.verb:set package 'my_package' build argument 'ament_cmake_args' from command line to 'None'
[0.838s] Level 5:colcon.colcon_core.verb:set package 'my_package' build argument 'catkin_cmake_args' from command line to 'None'
[0.838s] Level 5:colcon.colcon_core.verb:set package 'my_package' build argument 'catkin_skip_building_tests' from command line to 'False'
[0.838s] DEBUG:colcon.colcon_core.verb:Building package 'my_package' with the following arguments: {'ament_cmake_args': None, 'build_base': '/home/ros/dev_ws/build/my_package', 'catkin_cmake_args': None, 'catkin_skip_building_tests': False, 'cmake_args': None, 'cmake_clean_cache': False, 'cmake_clean_first': False, 'cmake_force_configure': False, 'cmake_target': None, 'cmake_target_skip_unavailable': False, 'install_base': '/home/ros/dev_ws/install/my_package', 'merge_install': False, 'path': '/home/ros/dev_ws/src/my_package', 'symlink_install': True, 'test_result_base': None}
[0.846s] INFO:colcon.colcon_core.executor:Executing jobs using 'parallel' executor
[0.853s] DEBUG:colcon.colcon_parallel_executor.executor.parallel:run_until_complete
[0.853s] INFO:colcon.colcon_ros.task.ament_cmake.build:Building ROS package in '/home/ros/dev_ws/src/my_bot' with build type 'ament_cmake'
[0.853s] INFO:colcon.colcon_cmake.task.cmake.build:Building CMake package in '/home/ros/dev_ws/src/my_bot'
[0.863s] INFO:colcon.colcon_core.plugin_system:Skipping extension 'colcon_core.shell.bat': Not used on non-Windows systems
[0.864s] INFO:colcon.colcon_core.shell:Skip shell extension 'powershell' for command environment: Not usable outside of PowerShell
[0.864s] DEBUG:colcon.colcon_core.shell:Skip shell extension 'dsv' for command environment
[0.889s] INFO:colcon.colcon_ros.task.ament_cmake.build:Building ROS package in '/home/ros/dev_ws/src/my_package' with build type 'ament_cmake'
[0.889s] INFO:colcon.colcon_cmake.task.cmake.build:Building CMake package in '/home/ros/dev_ws/src/my_package'
[0.901s] INFO:colcon.colcon_core.shell:Skip shell extension 'powershell' for command environment: Not usable outside of PowerShell
[0.901s] DEBUG:colcon.colcon_core.shell:Skip shell extension 'dsv' for command environment
[0.939s] DEBUG:colcon.colcon_core.event_handler.log_command:Invoking command in '/home/ros/dev_ws/build/my_bot': CMAKE_PREFIX_PATH=${CMAKE_PREFIX_PATH}:/opt/ros/humble /usr/bin/cmake --build /home/ros/dev_ws/build/my_bot -- -j16 -l16
[0.940s] DEBUG:colcon.colcon_core.event_handler.log_command:Invoking command in '/home/ros/dev_ws/build/my_package': CMAKE_PREFIX_PATH=${CMAKE_PREFIX_PATH}:/opt/ros/humble /usr/bin/cmake --build /home/ros/dev_ws/build/my_package -- -j16 -l16
[0.969s] DEBUG:colcon.colcon_core.event_handler.log_command:Invoked command in '/home/ros/dev_ws/build/my_bot' returned '0': CMAKE_PREFIX_PATH=${CMAKE_PREFIX_PATH}:/opt/ros/humble /usr/bin/cmake --build /home/ros/dev_ws/build/my_bot -- -j16 -l16
[0.978s] DEBUG:colcon.colcon_core.event_handler.log_command:Invoked command in '/home/ros/dev_ws/build/my_package' returned '0': CMAKE_PREFIX_PATH=${CMAKE_PREFIX_PATH}:/opt/ros/humble /usr/bin/cmake --build /home/ros/dev_ws/build/my_package -- -j16 -l16
[0.986s] DEBUG:colcon.colcon_core.event_handler.log_command:Invoking command in '/home/ros/dev_ws/build/my_bot': CMAKE_PREFIX_PATH=${CMAKE_PREFIX_PATH}:/opt/ros/humble /usr/bin/cmake --install /home/ros/dev_ws/build/my_bot
[0.993s] DEBUG:colcon.colcon_core.event_handler.log_command:Invoking command in '/home/ros/dev_ws/build/my_package': CMAKE_PREFIX_PATH=${CMAKE_PREFIX_PATH}:/opt/ros/humble /usr/bin/cmake --install /home/ros/dev_ws/build/my_package
[0.999s] Level 1:colcon.colcon_core.environment:create_environment_scripts_only(my_bot)
[0.999s] DEBUG:colcon.colcon_core.event_handler.log_command:Invoked command in '/home/ros/dev_ws/build/my_bot' returned '0': CMAKE_PREFIX_PATH=${CMAKE_PREFIX_PATH}:/opt/ros/humble /usr/bin/cmake --install /home/ros/dev_ws/build/my_bot
[1.008s] Level 1:colcon.colcon_core.environment:checking '/home/ros/dev_ws/install/my_bot' for CMake module files
[1.009s] Level 1:colcon.colcon_core.environment:checking '/home/ros/dev_ws/install/my_bot' for CMake config files
[1.009s] Level 1:colcon.colcon_core.shell:create_environment_hook('my_bot', 'cmake_prefix_path')
[1.015s] INFO:colcon.colcon_core.shell:Creating environment hook '/home/ros/dev_ws/install/my_bot/share/my_bot/hook/cmake_prefix_path.ps1'
[1.016s] INFO:colcon.colcon_core.shell:Creating environment descriptor '/home/ros/dev_ws/install/my_bot/share/my_bot/hook/cmake_prefix_path.dsv'
[1.016s] INFO:colcon.colcon_core.shell:Creating environment hook '/home/ros/dev_ws/install/my_bot/share/my_bot/hook/cmake_prefix_path.sh'
[1.017s] Level 1:colcon.colcon_core.environment:checking '/home/ros/dev_ws/install/my_bot/bin'
[1.017s] Level 1:colcon.colcon_core.environment:checking '/home/ros/dev_ws/install/my_bot/lib/pkgconfig/my_bot.pc'
[1.017s] Level 1:colcon.colcon_core.environment:checking '/home/ros/dev_ws/install/my_bot/lib/python3.10/site-packages'
[1.017s] Level 1:colcon.colcon_core.environment:checking '/home/ros/dev_ws/install/my_bot/bin'
[1.024s] INFO:colcon.colcon_core.shell:Creating package script '/home/ros/dev_ws/install/my_bot/share/my_bot/package.ps1'
[1.024s] INFO:colcon.colcon_core.shell:Creating package descriptor '/home/ros/dev_ws/install/my_bot/share/my_bot/package.dsv'
[1.025s] INFO:colcon.colcon_core.shell:Creating package script '/home/ros/dev_ws/install/my_bot/share/my_bot/package.sh'
[1.025s] INFO:colcon.colcon_core.shell:Creating package script '/home/ros/dev_ws/install/my_bot/share/my_bot/package.bash'
[1.026s] INFO:colcon.colcon_core.shell:Creating package script '/home/ros/dev_ws/install/my_bot/share/my_bot/package.zsh'
[1.026s] Level 1:colcon.colcon_core.environment:create_file_with_runtime_dependencies(/home/ros/dev_ws/install/my_bot/share/colcon-core/packages/my_bot)
[1.028s] Level 1:colcon.colcon_core.environment:create_environment_scripts_only(my_package)
[1.028s] DEBUG:colcon.colcon_core.event_handler.log_command:Invoked command in '/home/ros/dev_ws/build/my_package' returned '0': CMAKE_PREFIX_PATH=${CMAKE_PREFIX_PATH}:/opt/ros/humble /usr/bin/cmake --install /home/ros/dev_ws/build/my_package
[1.036s] Level 1:colcon.colcon_core.environment:checking '/home/ros/dev_ws/install/my_package' for CMake module files
[1.036s] Level 1:colcon.colcon_core.environment:checking '/home/ros/dev_ws/install/my_package' for CMake config files
[1.036s] Level 1:colcon.colcon_core.shell:create_environment_hook('my_package', 'cmake_prefix_path')
[1.043s] INFO:colcon.colcon_core.shell:Creating environment hook '/home/ros/dev_ws/install/my_package/share/my_package/hook/cmake_prefix_path.ps1'
[1.043s] INFO:colcon.colcon_core.shell:Creating environment descriptor '/home/ros/dev_ws/install/my_package/share/my_package/hook/cmake_prefix_path.dsv'
[1.043s] INFO:colcon.colcon_core.shell:Creating environment hook '/home/ros/dev_ws/install/my_package/share/my_package/hook/cmake_prefix_path.sh'
[1.044s] Level 1:colcon.colcon_core.environment:checking '/home/ros/dev_ws/install/my_package/bin'
[1.044s] Level 1:colcon.colcon_core.environment:checking '/home/ros/dev_ws/install/my_package/lib/pkgconfig/my_package.pc'
[1.044s] Level 1:colcon.colcon_core.environment:checking '/home/ros/dev_ws/install/my_package/lib/python3.10/site-packages'
[1.044s] Level 1:colcon.colcon_core.environment:checking '/home/ros/dev_ws/install/my_package/bin'
[1.050s] INFO:colcon.colcon_core.shell:Creating package script '/home/ros/dev_ws/install/my_package/share/my_package/package.ps1'
[1.051s] INFO:colcon.colcon_core.shell:Creating package descriptor '/home/ros/dev_ws/install/my_package/share/my_package/package.dsv'
[1.051s] INFO:colcon.colcon_core.shell:Creating package script '/home/ros/dev_ws/install/my_package/share/my_package/package.sh'
[1.051s] INFO:colcon.colcon_core.shell:Creating package script '/home/ros/dev_ws/install/my_package/share/my_package/package.bash'
[1.051s] INFO:colcon.colcon_core.shell:Creating package script '/home/ros/dev_ws/install/my_package/share/my_package/package.zsh'
[1.051s] Level 1:colcon.colcon_core.environment:create_file_with_runtime_dependencies(/home/ros/dev_ws/install/my_package/share/colcon-core/packages/my_package)
[1.061s] Level 1:colcon.colcon_core.environment:create_environment_scripts_only(my_bot)
[1.068s] Level 1:colcon.colcon_core.environment:checking '/home/ros/dev_ws/install/my_bot' for CMake module files
[1.069s] Level 1:colcon.colcon_core.environment:checking '/home/ros/dev_ws/install/my_bot' for CMake config files
[1.069s] Level 1:colcon.colcon_core.shell:create_environment_hook('my_bot', 'cmake_prefix_path')
[1.076s] INFO:colcon.colcon_core.shell:Creating environment hook '/home/ros/dev_ws/install/my_bot/share/my_bot/hook/cmake_prefix_path.ps1'
[1.076s] INFO:colcon.colcon_core.shell:Creating environment descriptor '/home/ros/dev_ws/install/my_bot/share/my_bot/hook/cmake_prefix_path.dsv'
[1.076s] INFO:colcon.colcon_core.shell:Creating environment hook '/home/ros/dev_ws/install/my_bot/share/my_bot/hook/cmake_prefix_path.sh'
[1.077s] Level 1:colcon.colcon_core.environment:checking '/home/ros/dev_ws/install/my_bot/bin'
[1.077s] Level 1:colcon.colcon_core.environment:checking '/home/ros/dev_ws/install/my_bot/lib/pkgconfig/my_bot.pc'
[1.077s] Level 1:colcon.colcon_core.environment:checking '/home/ros/dev_ws/install/my_bot/lib/python3.10/site-packages'
[1.077s] Level 1:colcon.colcon_core.environment:checking '/home/ros/dev_ws/install/my_bot/bin'
[1.083s] INFO:colcon.colcon_core.shell:Creating package script '/home/ros/dev_ws/install/my_bot/share/my_bot/package.ps1'
[1.084s] INFO:colcon.colcon_core.shell:Creating package descriptor '/home/ros/dev_ws/install/my_bot/share/my_bot/package.dsv'
[1.084s] INFO:colcon.colcon_core.shell:Creating package script '/home/ros/dev_ws/install/my_bot/share/my_bot/package.sh'
[1.084s] INFO:colcon.colcon_core.shell:Creating package script '/home/ros/dev_ws/install/my_bot/share/my_bot/package.bash'
[1.084s] INFO:colcon.colcon_core.shell:Creating package script '/home/ros/dev_ws/install/my_bot/share/my_bot/package.zsh'
[1.085s] Level 1:colcon.colcon_core.environment:create_file_with_runtime_dependencies(/home/ros/dev_ws/install/my_bot/share/colcon-core/packages/my_bot)
[1.095s] Level 1:colcon.colcon_core.environment:create_environment_scripts_only(my_package)
[1.101s] Level 1:colcon.colcon_core.environment:checking '/home/ros/dev_ws/install/my_package' for CMake module files
[1.101s] Level 1:colcon.colcon_core.environment:checking '/home/ros/dev_ws/install/my_package' for CMake config files
[1.102s] Level 1:colcon.colcon_core.shell:create_environment_hook('my_package', 'cmake_prefix_path')
[1.108s] INFO:colcon.colcon_core.shell:Creating environment hook '/home/ros/dev_ws/install/my_package/share/my_package/hook/cmake_prefix_path.ps1'
[1.108s] INFO:colcon.colcon_core.shell:Creating environment descriptor '/home/ros/dev_ws/install/my_package/share/my_package/hook/cmake_prefix_path.dsv'
[1.108s] INFO:colcon.colcon_core.shell:Creating environment hook '/home/ros/dev_ws/install/my_package/share/my_package/hook/cmake_prefix_path.sh'
[1.108s] Level 1:colcon.colcon_core.environment:checking '/home/ros/dev_ws/install/my_package/bin'
[1.108s] Level 1:colcon.colcon_core.environment:checking '/home/ros/dev_ws/install/my_package/lib/pkgconfig/my_package.pc'
[1.109s] Level 1:colcon.colcon_core.environment:checking '/home/ros/dev_ws/install/my_package/lib/python3.10/site-packages'
[1.109s] Level 1:colcon.colcon_core.environment:checking '/home/ros/dev_ws/install/my_package/bin'
[1.116s] INFO:colcon.colcon_core.shell:Creating package script '/home/ros/dev_ws/install/my_package/share/my_package/package.ps1'
[1.117s] INFO:colcon.colcon_core.shell:Creating package descriptor '/home/ros/dev_ws/install/my_package/share/my_package/package.dsv'
[1.117s] INFO:colcon.colcon_core.shell:Creating package script '/home/ros/dev_ws/install/my_package/share/my_package/package.sh'
[1.117s] INFO:colcon.colcon_core.shell:Creating package script '/home/ros/dev_ws/install/my_package/share/my_package/package.bash'
[1.117s] INFO:colcon.colcon_core.shell:Creating package script '/home/ros/dev_ws/install/my_package/share/my_package/package.zsh'
[1.117s] Level 1:colcon.colcon_core.environment:create_file_with_runtime_dependencies(/home/ros/dev_ws/install/my_package/share/colcon-core/packages/my_package)
[1.118s] DEBUG:colcon.colcon_parallel_executor.executor.parallel:closing loop
[1.118s] DEBUG:colcon.colcon_parallel_executor.executor.parallel:loop closed
[1.118s] DEBUG:colcon.colcon_parallel_executor.executor.parallel:run_until_complete finished with '0'
[1.118s] DEBUG:colcon.colcon_core.event_reactor:joining thread
[1.191s] INFO:colcon.colcon_core.plugin_system:Skipping extension 'colcon_notification.desktop_notification.notify_send': Could not find 'notify-send'
[1.191s] INFO:colcon.colcon_core.plugin_system:Skipping extension 'colcon_notification.desktop_notification.terminal_notifier': Not used on non-Darwin systems
[1.191s] INFO:colcon.colcon_core.plugin_system:Skipping extension 'colcon_notification.desktop_notification.win32': Not used on non-Windows systems
[1.191s] INFO:colcon.colcon_notification.desktop_notification:Sending desktop notification using 'notify2'
[1.193s] DEBUG:colcon.colcon_notification.desktop_notification.notify2:Failed to initialize notify2: org.freedesktop.DBus.Error.ServiceUnknown: The name org.freedesktop.Notifications was not provided by any .service files
[1.193s] DEBUG:colcon.colcon_core.event_reactor:joined thread
[1.205s] INFO:colcon.colcon_core.shell:Creating prefix script '/home/ros/dev_ws/install/local_setup.ps1'
[1.205s] INFO:colcon.colcon_core.shell:Creating prefix util module '/home/ros/dev_ws/install/_local_setup_util_ps1.py'
[1.207s] INFO:colcon.colcon_core.shell:Creating prefix chain script '/home/ros/dev_ws/install/setup.ps1'
[1.217s] INFO:colcon.colcon_core.shell:Creating prefix script '/home/ros/dev_ws/install/local_setup.sh'
[1.218s] INFO:colcon.colcon_core.shell:Creating prefix util module '/home/ros/dev_ws/install/_local_setup_util_sh.py'
[1.218s] INFO:colcon.colcon_core.shell:Creating prefix chain script '/home/ros/dev_ws/install/setup.sh'
[1.228s] INFO:colcon.colcon_core.shell:Creating prefix script '/home/ros/dev_ws/install/local_setup.bash'
[1.228s] INFO:colcon.colcon_core.shell:Creating prefix chain script '/home/ros/dev_ws/install/setup.bash'
[1.235s] INFO:colcon.colcon_core.shell:Creating prefix script '/home/ros/dev_ws/install/local_setup.zsh'
[1.235s] INFO:colcon.colcon_core.shell:Creating prefix chain script '/home/ros/dev_ws/install/setup.zsh'
