[0.204s] Invoking command in '/home/ros/dev_ws/build/my_bot': CMAKE_PREFIX_PATH=${CMAKE_PREFIX_PATH}:/opt/ros/humble /usr/bin/cmake --build /home/ros/dev_ws/build/my_bot -- -j16 -l16
[0.274s] Invoked command in '/home/ros/dev_ws/build/my_bot' returned '0': CMAKE_PREFIX_PATH=${CMAKE_PREFIX_PATH}:/opt/ros/humble /usr/bin/cmake --build /home/ros/dev_ws/build/my_bot -- -j16 -l16
[0.328s] Invoking command in '/home/ros/dev_ws/build/my_bot': CMAKE_PREFIX_PATH=${CMAKE_PREFIX_PATH}:/opt/ros/humble /usr/bin/cmake --install /home/ros/dev_ws/build/my_bot
[0.343s] -- Install configuration: ""
[0.344s] -- Execute custom install script
[0.345s] -- Up-to-date symlink: /home/ros/dev_ws/install/my_bot/share/my_bot/config/empty.yaml
[0.352s] -- Up-to-date symlink: /home/ros/dev_ws/install/my_bot/share/my_bot/description/robot.urdf.xacro
[0.352s] -- Up-to-date symlink: /home/ros/dev_ws/install/my_bot/share/my_bot/launch/rsp.launch.py
[0.353s] -- Up-to-date symlink: /home/ros/dev_ws/install/my_bot/share/my_bot/worlds/empty.world
[0.353s] -- Up-to-date symlink: /home/ros/dev_ws/install/my_bot/share/ament_index/resource_index/package_run_dependencies/my_bot
[0.353s] -- Up-to-date symlink: /home/ros/dev_ws/install/my_bot/share/ament_index/resource_index/parent_prefix_path/my_bot
[0.354s] -- Up-to-date symlink: /home/ros/dev_ws/install/my_bot/share/my_bot/environment/ament_prefix_path.sh
[0.355s] -- Up-to-date symlink: /home/ros/dev_ws/install/my_bot/share/my_bot/environment/ament_prefix_path.dsv
[0.355s] -- Up-to-date symlink: /home/ros/dev_ws/install/my_bot/share/my_bot/environment/path.sh
[0.356s] -- Up-to-date symlink: /home/ros/dev_ws/install/my_bot/share/my_bot/environment/path.dsv
[0.356s] -- Up-to-date symlink: /home/ros/dev_ws/install/my_bot/share/my_bot/local_setup.bash
[0.358s] -- Up-to-date symlink: /home/ros/dev_ws/install/my_bot/share/my_bot/local_setup.sh
[0.358s] -- Up-to-date symlink: /home/ros/dev_ws/install/my_bot/share/my_bot/local_setup.zsh
[0.359s] -- Up-to-date symlink: /home/ros/dev_ws/install/my_bot/share/my_bot/local_setup.dsv
[0.363s] -- Symlinking: /home/ros/dev_ws/install/my_bot/share/my_bot/package.dsv
[0.381s] -- Up-to-date symlink: /home/ros/dev_ws/install/my_bot/share/ament_index/resource_index/packages/my_bot
[0.382s] -- Up-to-date symlink: /home/ros/dev_ws/install/my_bot/share/my_bot/cmake/my_botConfig.cmake
[0.382s] -- Up-to-date symlink: /home/ros/dev_ws/install/my_bot/share/my_bot/cmake/my_botConfig-version.cmake
[0.382s] -- Up-to-date symlink: /home/ros/dev_ws/install/my_bot/share/my_bot/package.xml
[0.392s] Invoked command in '/home/ros/dev_ws/build/my_bot' returned '0': CMAKE_PREFIX_PATH=${CMAKE_PREFIX_PATH}:/opt/ros/humble /usr/bin/cmake --install /home/ros/dev_ws/build/my_bot
