[0.035s] Invoking command in '/home/ros/CyberTron/build/my_package': CMAKE_PREFIX_PATH=/opt/ros/humble /usr/bin/cmake /home/ros/CyberTron/my_package -DCMAKE_INSTALL_PREFIX=/home/ros/CyberTron/install/my_package
[0.200s] -- The C compiler identification is GNU 11.4.0
[0.441s] -- The CXX compiler identification is GNU 11.4.0
[0.564s] -- Detecting C compiler ABI info
[0.670s] -- Detecting C compiler ABI info - done
[0.676s] -- Check for working C compiler: /usr/bin/cc - skipped
[0.677s] -- Detecting C compile features
[0.677s] -- Detecting C compile features - done
[0.679s] -- Detecting CXX compiler ABI info
[0.781s] -- Detecting CXX compiler ABI info - done
[0.787s] -- Check for working CXX compiler: /usr/bin/c++ - skipped
[0.787s] -- Detecting CXX compile features
[0.788s] -- Detecting CXX compile features - done
[0.791s] -- Found ament_cmake: 1.3.8 (/opt/ros/humble/share/ament_cmake/cmake)
[0.889s] -- Found Python3: /usr/bin/python3 (found version "3.10.12") found components: Interpreter 
[0.958s] -- Found ament_lint_auto: 0.12.10 (/opt/ros/humble/share/ament_lint_auto/cmake)
[1.012s] -- Added test 'flake8' to check Python code syntax and style conventions
[1.012s] -- Added test 'lint_cmake' to check CMake code style
[1.013s] -- Added test 'pep257' to check Python code against some of the docstring style conventions in PEP 257
[1.015s] -- Added test 'xmllint' to check XML markup files
[1.016s] -- Configuring done
[1.018s] -- Generating done
[1.019s] -- Build files have been written to: /home/ros/CyberTron/build/my_package
[1.023s] Invoked command in '/home/ros/CyberTron/build/my_package' returned '0': CMAKE_PREFIX_PATH=/opt/ros/humble /usr/bin/cmake /home/ros/CyberTron/my_package -DCMAKE_INSTALL_PREFIX=/home/ros/CyberTron/install/my_package
[1.025s] Invoking command in '/home/ros/CyberTron/build/my_package': CMAKE_PREFIX_PATH=/opt/ros/humble /usr/bin/cmake --build /home/ros/CyberTron/build/my_package -- -j16 -l16
[1.048s] Invoked command in '/home/ros/CyberTron/build/my_package' returned '0': CMAKE_PREFIX_PATH=/opt/ros/humble /usr/bin/cmake --build /home/ros/CyberTron/build/my_package -- -j16 -l16
[1.066s] Invoking command in '/home/ros/CyberTron/build/my_package': CMAKE_PREFIX_PATH=/opt/ros/humble /usr/bin/cmake --install /home/ros/CyberTron/build/my_package
[1.070s] -- Install configuration: ""
[1.070s] -- Installing: /home/ros/CyberTron/install/my_package/share/my_package/launch
[1.071s] -- Installing: /home/ros/CyberTron/install/my_package/share/my_package/launch/talker.launch.py
[1.072s] -- Installing: /home/ros/CyberTron/install/my_package/share/my_package/launch/listener.launch.py
[1.072s] -- Installing: /home/ros/CyberTron/install/my_package/share/ament_index/resource_index/package_run_dependencies/my_package
[1.073s] -- Installing: /home/ros/CyberTron/install/my_package/share/ament_index/resource_index/parent_prefix_path/my_package
[1.073s] -- Installing: /home/ros/CyberTron/install/my_package/share/my_package/environment/ament_prefix_path.sh
[1.073s] -- Installing: /home/ros/CyberTron/install/my_package/share/my_package/environment/ament_prefix_path.dsv
[1.073s] -- Installing: /home/ros/CyberTron/install/my_package/share/my_package/environment/path.sh
[1.073s] -- Installing: /home/ros/CyberTron/install/my_package/share/my_package/environment/path.dsv
[1.074s] -- Installing: /home/ros/CyberTron/install/my_package/share/my_package/local_setup.bash
[1.074s] -- Installing: /home/ros/CyberTron/install/my_package/share/my_package/local_setup.sh
[1.074s] -- Installing: /home/ros/CyberTron/install/my_package/share/my_package/local_setup.zsh
[1.074s] -- Installing: /home/ros/CyberTron/install/my_package/share/my_package/local_setup.dsv
[1.074s] -- Installing: /home/ros/CyberTron/install/my_package/share/my_package/package.dsv
[1.074s] -- Installing: /home/ros/CyberTron/install/my_package/share/ament_index/resource_index/packages/my_package
[1.075s] -- Installing: /home/ros/CyberTron/install/my_package/share/my_package/cmake/my_packageConfig.cmake
[1.075s] -- Installing: /home/ros/CyberTron/install/my_package/share/my_package/cmake/my_packageConfig-version.cmake
[1.075s] -- Installing: /home/ros/CyberTron/install/my_package/share/my_package/package.xml
[1.076s] Invoked command in '/home/ros/CyberTron/build/my_package' returned '0': CMAKE_PREFIX_PATH=/opt/ros/humble /usr/bin/cmake --install /home/ros/CyberTron/build/my_package
