[0.058s] Invoking command in '/home/ros/dev_ws/build/my_package': CMAKE_PREFIX_PATH=${CMAKE_PREFIX_PATH}:/opt/ros/humble /usr/bin/cmake /home/ros/dev_ws/src/my_package -DCMAKE_INSTALL_PREFIX=/home/ros/dev_ws/install/my_package
[0.066s] -- Found ament_cmake: 1.3.8 (/opt/ros/humble/share/ament_cmake/cmake)
[0.183s] -- Override CMake install command with custom implementation using symlinks instead of copying resources
[0.189s] -- Found ament_lint_auto: 0.12.10 (/opt/ros/humble/share/ament_lint_auto/cmake)
[0.253s] -- Added test 'flake8' to check Python code syntax and style conventions
[0.254s] -- Added test 'lint_cmake' to check CMake code style
[0.257s] -- Added test 'pep257' to check Python code against some of the docstring style conventions in PEP 257
[0.260s] -- Added test 'xmllint' to check XML markup files
[0.262s] -- Configuring done
[0.265s] -- Generating done
[0.271s] -- Build files have been written to: /home/ros/dev_ws/build/my_package
[0.272s] Invoked command in '/home/ros/dev_ws/build/my_package' returned '0': CMAKE_PREFIX_PATH=${CMAKE_PREFIX_PATH}:/opt/ros/humble /usr/bin/cmake /home/ros/dev_ws/src/my_package -DCMAKE_INSTALL_PREFIX=/home/ros/dev_ws/install/my_package
[0.274s] Invoking command in '/home/ros/dev_ws/build/my_package': CMAKE_PREFIX_PATH=${CMAKE_PREFIX_PATH}:/opt/ros/humble /usr/bin/cmake --build /home/ros/dev_ws/build/my_package -- -j16 -l16
[0.304s] Invoked command in '/home/ros/dev_ws/build/my_package' returned '0': CMAKE_PREFIX_PATH=${CMAKE_PREFIX_PATH}:/opt/ros/humble /usr/bin/cmake --build /home/ros/dev_ws/build/my_package -- -j16 -l16
[0.325s] Invoking command in '/home/ros/dev_ws/build/my_package': CMAKE_PREFIX_PATH=${CMAKE_PREFIX_PATH}:/opt/ros/humble /usr/bin/cmake --install /home/ros/dev_ws/build/my_package
[0.330s] -- Install configuration: ""
[0.331s] -- Execute custom install script
[0.332s] -- Up-to-date symlink: /home/ros/dev_ws/install/my_package/share/my_package/launch/listener.launch.py
[0.332s] -- Up-to-date symlink: /home/ros/dev_ws/install/my_package/share/my_package/launch/talker.launch.py
[0.332s] -- Up-to-date symlink: /home/ros/dev_ws/install/my_package/share/ament_index/resource_index/package_run_dependencies/my_package
[0.332s] -- Up-to-date symlink: /home/ros/dev_ws/install/my_package/share/ament_index/resource_index/parent_prefix_path/my_package
[0.332s] -- Up-to-date symlink: /home/ros/dev_ws/install/my_package/share/my_package/environment/ament_prefix_path.sh
[0.332s] -- Up-to-date symlink: /home/ros/dev_ws/install/my_package/share/my_package/environment/ament_prefix_path.dsv
[0.332s] -- Up-to-date symlink: /home/ros/dev_ws/install/my_package/share/my_package/environment/path.sh
[0.332s] -- Up-to-date symlink: /home/ros/dev_ws/install/my_package/share/my_package/environment/path.dsv
[0.332s] -- Up-to-date symlink: /home/ros/dev_ws/install/my_package/share/my_package/local_setup.bash
[0.333s] -- Up-to-date symlink: /home/ros/dev_ws/install/my_package/share/my_package/local_setup.sh
[0.334s] -- Up-to-date symlink: /home/ros/dev_ws/install/my_package/share/my_package/local_setup.zsh
[0.335s] -- Up-to-date symlink: /home/ros/dev_ws/install/my_package/share/my_package/local_setup.dsv
[0.335s] -- Symlinking: /home/ros/dev_ws/install/my_package/share/my_package/package.dsv
[0.342s] -- Up-to-date symlink: /home/ros/dev_ws/install/my_package/share/ament_index/resource_index/packages/my_package
[0.342s] -- Up-to-date symlink: /home/ros/dev_ws/install/my_package/share/my_package/cmake/my_packageConfig.cmake
[0.343s] -- Up-to-date symlink: /home/ros/dev_ws/install/my_package/share/my_package/cmake/my_packageConfig-version.cmake
[0.343s] -- Up-to-date symlink: /home/ros/dev_ws/install/my_package/share/my_package/package.xml
[0.385s] Invoked command in '/home/ros/dev_ws/build/my_package' returned '0': CMAKE_PREFIX_PATH=${CMAKE_PREFIX_PATH}:/opt/ros/humble /usr/bin/cmake --install /home/ros/dev_ws/build/my_package
