[0.082s] Invoking command in '/home/ros/dev_ws/build/my_bot': CMAKE_PREFIX_PATH=/opt/ros/humble /usr/bin/cmake /home/ros/dev_ws/src/my_bot -DAMENT_CMAKE_SYMLINK_INSTALL=1 -DCMAKE_INSTALL_PREFIX=/home/ros/dev_ws/install/my_bot
[0.289s] -- The C compiler identification is GNU 11.4.0
[0.725s] -- The CXX compiler identification is GNU 11.4.0
[0.885s] -- Detecting C compiler ABI info
[0.992s] -- Detecting C compiler ABI info - done
[0.997s] -- Check for working C compiler: /usr/bin/cc - skipped
[0.998s] -- Detecting C compile features
[0.998s] -- Detecting C compile features - done
[1.003s] -- Detecting CXX compiler ABI info
[1.104s] -- Detecting CXX compiler ABI info - done
[1.109s] -- Check for working CXX compiler: /usr/bin/c++ - skipped
[1.109s] -- Detecting CXX compile features
[1.109s] -- Detecting CXX compile features - done
[1.113s] -- Found ament_cmake: 1.3.8 (/opt/ros/humble/share/ament_cmake/cmake)
[1.226s] -- Found Python3: /usr/bin/python3 (found version "3.10.12") found components: Interpreter 
[1.273s] -- Override CMake install command with custom implementation using symlinks instead of copying resources
[1.291s] -- Found ament_lint_auto: 0.12.10 (/opt/ros/humble/share/ament_lint_auto/cmake)
[1.371s] -- Added test 'copyright' to check source files copyright and LICENSE
[1.374s] -- Added test 'flake8' to check Python code syntax and style conventions
[1.376s] -- Added test 'lint_cmake' to check CMake code style
[1.376s] -- Added test 'pep257' to check Python code against some of the docstring style conventions in PEP 257
[1.378s] -- Added test 'xmllint' to check XML markup files
[1.379s] -- Configuring done
[1.383s] -- Generating done
[1.384s] -- Build files have been written to: /home/ros/dev_ws/build/my_bot
[1.387s] Invoked command in '/home/ros/dev_ws/build/my_bot' returned '0': CMAKE_PREFIX_PATH=/opt/ros/humble /usr/bin/cmake /home/ros/dev_ws/src/my_bot -DAMENT_CMAKE_SYMLINK_INSTALL=1 -DCMAKE_INSTALL_PREFIX=/home/ros/dev_ws/install/my_bot
[1.389s] Invoking command in '/home/ros/dev_ws/build/my_bot': CMAKE_PREFIX_PATH=/opt/ros/humble /usr/bin/cmake --build /home/ros/dev_ws/build/my_bot -- -j16 -l16
[1.414s] Invoked command in '/home/ros/dev_ws/build/my_bot' returned '0': CMAKE_PREFIX_PATH=/opt/ros/humble /usr/bin/cmake --build /home/ros/dev_ws/build/my_bot -- -j16 -l16
[1.442s] Invoking command in '/home/ros/dev_ws/build/my_bot': CMAKE_PREFIX_PATH=/opt/ros/humble /usr/bin/cmake --install /home/ros/dev_ws/build/my_bot
[1.444s] -- Install configuration: ""
[1.444s] -- Execute custom install script
[1.445s] -- Symlinking: /home/ros/dev_ws/install/my_bot/share/my_bot/config/empty.yaml
[1.453s] -- Symlinking: /home/ros/dev_ws/install/my_bot/share/my_bot/description/robot.urdf.xacro
[1.463s] -- Symlinking: /home/ros/dev_ws/install/my_bot/share/my_bot/launch/rsp.launch.py
[1.473s] -- Symlinking: /home/ros/dev_ws/install/my_bot/share/my_bot/worlds/empty.world
[1.480s] -- Symlinking: /home/ros/dev_ws/install/my_bot/share/ament_index/resource_index/package_run_dependencies/my_bot
[1.486s] -- Symlinking: /home/ros/dev_ws/install/my_bot/share/ament_index/resource_index/parent_prefix_path/my_bot
[1.491s] -- Symlinking: /home/ros/dev_ws/install/my_bot/share/my_bot/environment/ament_prefix_path.sh
[1.497s] -- Symlinking: /home/ros/dev_ws/install/my_bot/share/my_bot/environment/ament_prefix_path.dsv
[1.504s] -- Symlinking: /home/ros/dev_ws/install/my_bot/share/my_bot/environment/path.sh
[1.511s] -- Symlinking: /home/ros/dev_ws/install/my_bot/share/my_bot/environment/path.dsv
[1.518s] -- Symlinking: /home/ros/dev_ws/install/my_bot/share/my_bot/local_setup.bash
[1.524s] -- Symlinking: /home/ros/dev_ws/install/my_bot/share/my_bot/local_setup.sh
[1.532s] -- Symlinking: /home/ros/dev_ws/install/my_bot/share/my_bot/local_setup.zsh
[1.544s] -- Symlinking: /home/ros/dev_ws/install/my_bot/share/my_bot/local_setup.dsv
[1.552s] -- Symlinking: /home/ros/dev_ws/install/my_bot/share/my_bot/package.dsv
[1.558s] -- Symlinking: /home/ros/dev_ws/install/my_bot/share/ament_index/resource_index/packages/my_bot
[1.566s] -- Symlinking: /home/ros/dev_ws/install/my_bot/share/my_bot/cmake/my_botConfig.cmake
[1.572s] -- Symlinking: /home/ros/dev_ws/install/my_bot/share/my_bot/cmake/my_botConfig-version.cmake
[1.579s] -- Symlinking: /home/ros/dev_ws/install/my_bot/share/my_bot/package.xml
[1.586s] Invoked command in '/home/ros/dev_ws/build/my_bot' returned '0': CMAKE_PREFIX_PATH=/opt/ros/humble /usr/bin/cmake --install /home/ros/dev_ws/build/my_bot
