[0.044s] Invoking command in '/home/ros/dev_ws/build/my_package': CMAKE_PREFIX_PATH=${CMAKE_PREFIX_PATH}:/opt/ros/humble /usr/bin/cmake --build /home/ros/dev_ws/build/my_package -- -j16 -l16
[0.090s] Invoked command in '/home/ros/dev_ws/build/my_package' returned '0': CMAKE_PREFIX_PATH=${CMAKE_PREFIX_PATH}:/opt/ros/humble /usr/bin/cmake --build /home/ros/dev_ws/build/my_package -- -j16 -l16
[0.101s] Invoking command in '/home/ros/dev_ws/build/my_package': CMAKE_PREFIX_PATH=${CMAKE_PREFIX_PATH}:/opt/ros/humble /usr/bin/cmake --install /home/ros/dev_ws/build/my_package
[0.107s] -- Install configuration: ""
[0.107s] -- Execute custom install script
[0.108s] -- Up-to-date symlink: /home/ros/dev_ws/install/my_package/share/my_package/launch/listener.launch.py
[0.108s] -- Up-to-date symlink: /home/ros/dev_ws/install/my_package/share/my_package/launch/talker.launch.py
[0.109s] -- Up-to-date symlink: /home/ros/dev_ws/install/my_package/share/ament_index/resource_index/package_run_dependencies/my_package
[0.109s] -- Up-to-date symlink: /home/ros/dev_ws/install/my_package/share/ament_index/resource_index/parent_prefix_path/my_package
[0.109s] -- Up-to-date symlink: /home/ros/dev_ws/install/my_package/share/my_package/environment/ament_prefix_path.sh
[0.109s] -- Up-to-date symlink: /home/ros/dev_ws/install/my_package/share/my_package/environment/ament_prefix_path.dsv
[0.109s] -- Up-to-date symlink: /home/ros/dev_ws/install/my_package/share/my_package/environment/path.sh
[0.109s] -- Up-to-date symlink: /home/ros/dev_ws/install/my_package/share/my_package/environment/path.dsv
[0.109s] -- Up-to-date symlink: /home/ros/dev_ws/install/my_package/share/my_package/local_setup.bash
[0.109s] -- Up-to-date symlink: /home/ros/dev_ws/install/my_package/share/my_package/local_setup.sh
[0.109s] -- Up-to-date symlink: /home/ros/dev_ws/install/my_package/share/my_package/local_setup.zsh
[0.109s] -- Up-to-date symlink: /home/ros/dev_ws/install/my_package/share/my_package/local_setup.dsv
[0.109s] -- Symlinking: /home/ros/dev_ws/install/my_package/share/my_package/package.dsv
[0.114s] -- Up-to-date symlink: /home/ros/dev_ws/install/my_package/share/ament_index/resource_index/packages/my_package
[0.115s] -- Up-to-date symlink: /home/ros/dev_ws/install/my_package/share/my_package/cmake/my_packageConfig.cmake
[0.115s] -- Up-to-date symlink: /home/ros/dev_ws/install/my_package/share/my_package/cmake/my_packageConfig-version.cmake
[0.115s] -- Up-to-date symlink: /home/ros/dev_ws/install/my_package/share/my_package/package.xml
[0.144s] Invoked command in '/home/ros/dev_ws/build/my_package' returned '0': CMAKE_PREFIX_PATH=${CMAKE_PREFIX_PATH}:/opt/ros/humble /usr/bin/cmake --install /home/ros/dev_ws/build/my_package
