[0.079s] Invoking command in '/home/ros/dev_ws/build/my_bot': CMAKE_PREFIX_PATH=${CMAKE_PREFIX_PATH}:/opt/ros/humble /usr/bin/cmake --build /home/ros/dev_ws/build/my_bot -- -j16 -l16
[0.100s] Invoked command in '/home/ros/dev_ws/build/my_bot' returned '0': CMAKE_PREFIX_PATH=${CMAKE_PREFIX_PATH}:/opt/ros/humble /usr/bin/cmake --build /home/ros/dev_ws/build/my_bot -- -j16 -l16
[0.122s] Invoking command in '/home/ros/dev_ws/build/my_bot': CMAKE_PREFIX_PATH=${CMAKE_PREFIX_PATH}:/opt/ros/humble /usr/bin/cmake --install /home/ros/dev_ws/build/my_bot
[0.127s] -- Install configuration: ""
[0.128s] -- Execute custom install script
[0.128s] -- Up-to-date symlink: /home/ros/dev_ws/install/my_bot/share/my_bot/config/empty.yaml
[0.128s] -- Up-to-date symlink: /home/ros/dev_ws/install/my_bot/share/my_bot/description/robot.urdf.xacro
[0.128s] -- Up-to-date symlink: /home/ros/dev_ws/install/my_bot/share/my_bot/launch/rsp.launch.py
[0.129s] -- Up-to-date symlink: /home/ros/dev_ws/install/my_bot/share/my_bot/worlds/empty.world
[0.129s] -- Up-to-date symlink: /home/ros/dev_ws/install/my_bot/share/ament_index/resource_index/package_run_dependencies/my_bot
[0.129s] -- Up-to-date symlink: /home/ros/dev_ws/install/my_bot/share/ament_index/resource_index/parent_prefix_path/my_bot
[0.129s] -- Up-to-date symlink: /home/ros/dev_ws/install/my_bot/share/my_bot/environment/ament_prefix_path.sh
[0.129s] -- Up-to-date symlink: /home/ros/dev_ws/install/my_bot/share/my_bot/environment/ament_prefix_path.dsv
[0.129s] -- Up-to-date symlink: /home/ros/dev_ws/install/my_bot/share/my_bot/environment/path.sh
[0.129s] -- Up-to-date symlink: /home/ros/dev_ws/install/my_bot/share/my_bot/environment/path.dsv
[0.129s] -- Up-to-date symlink: /home/ros/dev_ws/install/my_bot/share/my_bot/local_setup.bash
[0.130s] -- Up-to-date symlink: /home/ros/dev_ws/install/my_bot/share/my_bot/local_setup.sh
[0.130s] -- Up-to-date symlink: /home/ros/dev_ws/install/my_bot/share/my_bot/local_setup.zsh
[0.130s] -- Up-to-date symlink: /home/ros/dev_ws/install/my_bot/share/my_bot/local_setup.dsv
[0.130s] -- Symlinking: /home/ros/dev_ws/install/my_bot/share/my_bot/package.dsv
[0.136s] -- Up-to-date symlink: /home/ros/dev_ws/install/my_bot/share/ament_index/resource_index/packages/my_bot
[0.136s] -- Up-to-date symlink: /home/ros/dev_ws/install/my_bot/share/my_bot/cmake/my_botConfig.cmake
[0.136s] -- Up-to-date symlink: /home/ros/dev_ws/install/my_bot/share/my_bot/cmake/my_botConfig-version.cmake
[0.136s] -- Up-to-date symlink: /home/ros/dev_ws/install/my_bot/share/my_bot/package.xml
[0.139s] Invoked command in '/home/ros/dev_ws/build/my_bot' returned '0': CMAKE_PREFIX_PATH=${CMAKE_PREFIX_PATH}:/opt/ros/humble /usr/bin/cmake --install /home/ros/dev_ws/build/my_bot
