[0.194s] Invoking command in '/home/ros/dev_ws/build/my_package': CMAKE_PREFIX_PATH=/opt/ros/humble /usr/bin/cmake /home/ros/dev_ws/src/my_package -DAMENT_CMAKE_SYMLINK_INSTALL=1 -DCMAKE_INSTALL_PREFIX=/home/ros/dev_ws/install/my_package
[0.396s] -- The C compiler identification is GNU 11.4.0
[0.795s] -- The CXX compiler identification is GNU 11.4.0
[0.955s] -- Detecting C compiler ABI info
[1.098s] -- Detecting C compiler ABI info - done
[1.102s] -- Check for working C compiler: /usr/bin/cc - skipped
[1.104s] -- Detecting C compile features
[1.105s] -- Detecting C compile features - done
[1.108s] -- Detecting CXX compiler ABI info
[1.206s] -- Detecting CXX compiler ABI info - done
[1.210s] -- Check for working CXX compiler: /usr/bin/c++ - skipped
[1.210s] -- Detecting CXX compile features
[1.211s] -- Detecting CXX compile features - done
[1.222s] -- Found ament_cmake: 1.3.8 (/opt/ros/humble/share/ament_cmake/cmake)
[1.319s] -- Found Python3: /usr/bin/python3 (found version "3.10.12") found components: Interpreter 
[1.371s] -- Override CMake install command with custom implementation using symlinks instead of copying resources
[1.400s] -- Found ament_lint_auto: 0.12.10 (/opt/ros/humble/share/ament_lint_auto/cmake)
[1.457s] -- Added test 'flake8' to check Python code syntax and style conventions
[1.458s] -- Added test 'lint_cmake' to check CMake code style
[1.458s] -- Added test 'pep257' to check Python code against some of the docstring style conventions in PEP 257
[1.459s] -- Added test 'xmllint' to check XML markup files
[1.461s] -- Configuring done
[1.463s] -- Generating done
[1.464s] -- Build files have been written to: /home/ros/dev_ws/build/my_package
