[0.065s] Invoking command in '/home/ros/dev_ws/build/my_package': CMAKE_PREFIX_PATH=${CMAKE_PREFIX_PATH}:/opt/ros/humble /usr/bin/cmake /home/ros/dev_ws/src/my_package -DAMENT_CMAKE_SYMLINK_INSTALL=1 -DCMAKE_INSTALL_PREFIX=/home/ros/dev_ws/install/my_package
[0.072s] -- Found ament_cmake: 1.3.8 (/opt/ros/humble/share/ament_cmake/cmake)
[0.188s] -- Override CMake install command with custom implementation using symlinks instead of copying resources
[0.194s] -- Found ament_lint_auto: 0.12.10 (/opt/ros/humble/share/ament_lint_auto/cmake)
[0.270s] -- Added test 'flake8' to check Python code syntax and style conventions
[0.271s] -- Added test 'lint_cmake' to check CMake code style
[0.271s] -- Added test 'pep257' to check Python code against some of the docstring style conventions in PEP 257
[0.274s] -- Added test 'xmllint' to check XML markup files
[0.274s] -- Configuring done
[0.277s] -- Generating done
[0.279s] -- Build files have been written to: /home/ros/dev_ws/build/my_package
[0.282s] Invoked command in '/home/ros/dev_ws/build/my_package' returned '0': CMAKE_PREFIX_PATH=${CMAKE_PREFIX_PATH}:/opt/ros/humble /usr/bin/cmake /home/ros/dev_ws/src/my_package -DAMENT_CMAKE_SYMLINK_INSTALL=1 -DCMAKE_INSTALL_PREFIX=/home/ros/dev_ws/install/my_package
[0.285s] Invoking command in '/home/ros/dev_ws/build/my_package': CMAKE_PREFIX_PATH=${CMAKE_PREFIX_PATH}:/opt/ros/humble /usr/bin/cmake --build /home/ros/dev_ws/build/my_package -- -j16 -l16
[0.315s] Invoked command in '/home/ros/dev_ws/build/my_package' returned '0': CMAKE_PREFIX_PATH=${CMAKE_PREFIX_PATH}:/opt/ros/humble /usr/bin/cmake --build /home/ros/dev_ws/build/my_package -- -j16 -l16
[0.341s] Invoking command in '/home/ros/dev_ws/build/my_package': CMAKE_PREFIX_PATH=${CMAKE_PREFIX_PATH}:/opt/ros/humble /usr/bin/cmake --install /home/ros/dev_ws/build/my_package
[0.349s] -- Install configuration: ""
[0.349s] -- Execute custom install script
[0.349s] -- Up-to-date symlink: /home/ros/dev_ws/install/my_package/share/my_package/launch/listener.launch.py
[0.349s] -- Up-to-date symlink: /home/ros/dev_ws/install/my_package/share/my_package/launch/talker.launch.py
[0.349s] -- Up-to-date symlink: /home/ros/dev_ws/install/my_package/share/ament_index/resource_index/package_run_dependencies/my_package
[0.349s] -- Up-to-date symlink: /home/ros/dev_ws/install/my_package/share/ament_index/resource_index/parent_prefix_path/my_package
[0.349s] -- Up-to-date symlink: /home/ros/dev_ws/install/my_package/share/my_package/environment/ament_prefix_path.sh
[0.350s] -- Up-to-date symlink: /home/ros/dev_ws/install/my_package/share/my_package/environment/ament_prefix_path.dsv
[0.350s] -- Up-to-date symlink: /home/ros/dev_ws/install/my_package/share/my_package/environment/path.sh
[0.350s] -- Up-to-date symlink: /home/ros/dev_ws/install/my_package/share/my_package/environment/path.dsv
[0.351s] -- Up-to-date symlink: /home/ros/dev_ws/install/my_package/share/my_package/local_setup.bash
[0.351s] -- Up-to-date symlink: /home/ros/dev_ws/install/my_package/share/my_package/local_setup.sh
[0.351s] -- Up-to-date symlink: /home/ros/dev_ws/install/my_package/share/my_package/local_setup.zsh
[0.351s] -- Up-to-date symlink: /home/ros/dev_ws/install/my_package/share/my_package/local_setup.dsv
[0.351s] -- Symlinking: /home/ros/dev_ws/install/my_package/share/my_package/package.dsv
[0.358s] -- Up-to-date symlink: /home/ros/dev_ws/install/my_package/share/ament_index/resource_index/packages/my_package
[0.358s] -- Up-to-date symlink: /home/ros/dev_ws/install/my_package/share/my_package/cmake/my_packageConfig.cmake
[0.358s] -- Up-to-date symlink: /home/ros/dev_ws/install/my_package/share/my_package/cmake/my_packageConfig-version.cmake
[0.358s] -- Up-to-date symlink: /home/ros/dev_ws/install/my_package/share/my_package/package.xml
[0.362s] Invoked command in '/home/ros/dev_ws/build/my_package' returned '0': CMAKE_PREFIX_PATH=${CMAKE_PREFIX_PATH}:/opt/ros/humble /usr/bin/cmake --install /home/ros/dev_ws/build/my_package
