[0.963s] DEBUG:colcon:Command line arguments: ['/usr/bin/colcon', 'build', '--symlink-install']
[0.963s] DEBUG:colcon:Parsed command line arguments: Namespace(log_base=None, log_level=None, verb_name='build', build_base='build', install_base='install', merge_install=False, symlink_install=True, test_result_base=None, continue_on_error=False, executor='parallel', parallel_workers=16, event_handlers=None, ignore_user_meta=False, metas=['./colcon.meta'], base_paths=['.'], packages_ignore=None, packages_ignore_regex=None, paths=None, packages_up_to=None, packages_up_to_regex=None, packages_above=None, packages_above_and_dependencies=None, packages_above_depth=None, packages_select_by_dep=None, packages_skip_by_dep=None, packages_skip_up_to=None, packages_select_build_failed=False, packages_skip_build_finished=False, packages_select_test_failures=False, packages_skip_test_passed=False, packages_select=None, packages_skip=None, packages_select_regex=None, packages_skip_regex=None, packages_start=None, packages_end=None, allow_overriding=[], cmake_args=None, cmake_target=None, cmake_target_skip_unavailable=False, cmake_clean_cache=False, cmake_clean_first=False, cmake_force_configure=False, ament_cmake_args=None, catkin_cmake_args=None, catkin_skip_building_tests=False, verb_parser=<colcon_defaults.argument_parser.defaults.DefaultArgumentsDecorator object at 0x7f03e6796020>, verb_extension=<colcon_core.verb.build.BuildVerb object at 0x7f03e6794a90>, main=<bound method BuildVerb.main of <colcon_core.verb.build.BuildVerb object at 0x7f03e6794a90>>)
[1.023s] Level 1:colcon.colcon_core.package_discovery:discover_packages(colcon_meta) check parameters
[1.023s] Level 1:colcon.colcon_core.package_discovery:discover_packages(recursive) check parameters
[1.023s] Level 1:colcon.colcon_core.package_discovery:discover_packages(ignore) check parameters
[1.023s] Level 1:colcon.colcon_core.package_discovery:discover_packages(path) check parameters
[1.023s] Level 1:colcon.colcon_core.package_discovery:discover_packages(colcon_meta) discover
[1.024s] Level 1:colcon.colcon_core.package_discovery:discover_packages(recursive) discover
[1.024s] INFO:colcon.colcon_core.package_discovery:Crawling recursively for packages in '/home/ros/dev_ws'
[1.024s] Level 1:colcon.colcon_core.package_identification:_identify(.) by extensions ['ignore', 'ignore_ament_install']
[1.024s] Level 1:colcon.colcon_core.package_identification:_identify(.) by extension 'ignore'
[1.024s] Level 1:colcon.colcon_core.package_identification:_identify(.) by extension 'ignore_ament_install'
[1.024s] Level 1:colcon.colcon_core.package_identification:_identify(.) by extensions ['colcon_pkg']
[1.024s] Level 1:colcon.colcon_core.package_identification:_identify(.) by extension 'colcon_pkg'
[1.024s] Level 1:colcon.colcon_core.package_identification:_identify(.) by extensions ['colcon_meta']
[1.024s] Level 1:colcon.colcon_core.package_identification:_identify(.) by extension 'colcon_meta'
[1.024s] Level 1:colcon.colcon_core.package_identification:_identify(.) by extensions ['ros']
[1.024s] Level 1:colcon.colcon_core.package_identification:_identify(.) by extension 'ros'
[1.044s] Level 1:colcon.colcon_core.package_identification:_identify(.) by extensions ['cmake', 'python']
[1.044s] Level 1:colcon.colcon_core.package_identification:_identify(.) by extension 'cmake'
[1.044s] Level 1:colcon.colcon_core.package_identification:_identify(.) by extension 'python'
[1.044s] Level 1:colcon.colcon_core.package_identification:_identify(.) by extensions ['python_setup_py']
[1.044s] Level 1:colcon.colcon_core.package_identification:_identify(.) by extension 'python_setup_py'
[1.044s] Level 1:colcon.colcon_core.package_identification:_identify(build) by extensions ['ignore', 'ignore_ament_install']
[1.044s] Level 1:colcon.colcon_core.package_identification:_identify(build) by extension 'ignore'
[1.044s] Level 1:colcon.colcon_core.package_identification:_identify(build) ignored
[1.044s] Level 1:colcon.colcon_core.package_identification:_identify(install) by extensions ['ignore', 'ignore_ament_install']
[1.044s] Level 1:colcon.colcon_core.package_identification:_identify(install) by extension 'ignore'
[1.044s] Level 1:colcon.colcon_core.package_identification:_identify(install) ignored
[1.044s] Level 1:colcon.colcon_core.package_identification:_identify(log) by extensions ['ignore', 'ignore_ament_install']
[1.044s] Level 1:colcon.colcon_core.package_identification:_identify(log) by extension 'ignore'
[1.044s] Level 1:colcon.colcon_core.package_identification:_identify(log) ignored
[1.044s] Level 1:colcon.colcon_core.package_identification:_identify(src) by extensions ['ignore', 'ignore_ament_install']
[1.044s] Level 1:colcon.colcon_core.package_identification:_identify(src) by extension 'ignore'
[1.044s] Level 1:colcon.colcon_core.package_identification:_identify(src) by extension 'ignore_ament_install'
[1.045s] Level 1:colcon.colcon_core.package_identification:_identify(src) by extensions ['colcon_pkg']
[1.045s] Level 1:colcon.colcon_core.package_identification:_identify(src) by extension 'colcon_pkg'
[1.045s] Level 1:colcon.colcon_core.package_identification:_identify(src) by extensions ['colcon_meta']
[1.045s] Level 1:colcon.colcon_core.package_identification:_identify(src) by extension 'colcon_meta'
[1.045s] Level 1:colcon.colcon_core.package_identification:_identify(src) by extensions ['ros']
[1.045s] Level 1:colcon.colcon_core.package_identification:_identify(src) by extension 'ros'
[1.045s] Level 1:colcon.colcon_core.package_identification:_identify(src) by extensions ['cmake', 'python']
[1.045s] Level 1:colcon.colcon_core.package_identification:_identify(src) by extension 'cmake'
[1.045s] Level 1:colcon.colcon_core.package_identification:_identify(src) by extension 'python'
[1.045s] Level 1:colcon.colcon_core.package_identification:_identify(src) by extensions ['python_setup_py']
[1.045s] Level 1:colcon.colcon_core.package_identification:_identify(src) by extension 'python_setup_py'
[1.045s] Level 1:colcon.colcon_core.package_identification:_identify(src/depthai) by extensions ['ignore', 'ignore_ament_install']
[1.045s] Level 1:colcon.colcon_core.package_identification:_identify(src/depthai) by extension 'ignore'
[1.045s] Level 1:colcon.colcon_core.package_identification:_identify(src/depthai) by extension 'ignore_ament_install'
[1.045s] Level 1:colcon.colcon_core.package_identification:_identify(src/depthai) by extensions ['colcon_pkg']
[1.045s] Level 1:colcon.colcon_core.package_identification:_identify(src/depthai) by extension 'colcon_pkg'
[1.045s] Level 1:colcon.colcon_core.package_identification:_identify(src/depthai) by extensions ['colcon_meta']
[1.045s] Level 1:colcon.colcon_core.package_identification:_identify(src/depthai) by extension 'colcon_meta'
[1.045s] Level 1:colcon.colcon_core.package_identification:_identify(src/depthai) by extensions ['ros']
[1.045s] Level 1:colcon.colcon_core.package_identification:_identify(src/depthai) by extension 'ros'
[1.045s] Level 1:colcon.colcon_core.package_identification:_identify(src/depthai) by extensions ['cmake', 'python']
[1.045s] Level 1:colcon.colcon_core.package_identification:_identify(src/depthai) by extension 'cmake'
[1.045s] Level 1:colcon.colcon_core.package_identification:_identify(src/depthai) by extension 'python'
[1.045s] Level 1:colcon.colcon_core.package_identification:_identify(src/depthai) by extensions ['python_setup_py']
[1.045s] Level 1:colcon.colcon_core.package_identification:_identify(src/depthai) by extension 'python_setup_py'
[1.045s] Level 1:colcon.colcon_core.package_identification:_identify(src/depthai/__pycache__) by extensions ['ignore', 'ignore_ament_install']
[1.045s] Level 1:colcon.colcon_core.package_identification:_identify(src/depthai/__pycache__) by extension 'ignore'
[1.045s] Level 1:colcon.colcon_core.package_identification:_identify(src/depthai/__pycache__) by extension 'ignore_ament_install'
[1.045s] Level 1:colcon.colcon_core.package_identification:_identify(src/depthai/__pycache__) by extensions ['colcon_pkg']
[1.045s] Level 1:colcon.colcon_core.package_identification:_identify(src/depthai/__pycache__) by extension 'colcon_pkg'
[1.045s] Level 1:colcon.colcon_core.package_identification:_identify(src/depthai/__pycache__) by extensions ['colcon_meta']
[1.045s] Level 1:colcon.colcon_core.package_identification:_identify(src/depthai/__pycache__) by extension 'colcon_meta'
[1.045s] Level 1:colcon.colcon_core.package_identification:_identify(src/depthai/__pycache__) by extensions ['ros']
[1.045s] Level 1:colcon.colcon_core.package_identification:_identify(src/depthai/__pycache__) by extension 'ros'
[1.045s] Level 1:colcon.colcon_core.package_identification:_identify(src/depthai/__pycache__) by extensions ['cmake', 'python']
[1.045s] Level 1:colcon.colcon_core.package_identification:_identify(src/depthai/__pycache__) by extension 'cmake'
[1.045s] Level 1:colcon.colcon_core.package_identification:_identify(src/depthai/__pycache__) by extension 'python'
[1.045s] Level 1:colcon.colcon_core.package_identification:_identify(src/depthai/__pycache__) by extensions ['python_setup_py']
[1.045s] Level 1:colcon.colcon_core.package_identification:_identify(src/depthai/__pycache__) by extension 'python_setup_py'
[1.046s] Level 1:colcon.colcon_core.package_identification:_identify(src/depthai/apps) by extensions ['ignore', 'ignore_ament_install']
[1.046s] Level 1:colcon.colcon_core.package_identification:_identify(src/depthai/apps) by extension 'ignore'
[1.046s] Level 1:colcon.colcon_core.package_identification:_identify(src/depthai/apps) by extension 'ignore_ament_install'
[1.046s] Level 1:colcon.colcon_core.package_identification:_identify(src/depthai/apps) by extensions ['colcon_pkg']
[1.046s] Level 1:colcon.colcon_core.package_identification:_identify(src/depthai/apps) by extension 'colcon_pkg'
[1.046s] Level 1:colcon.colcon_core.package_identification:_identify(src/depthai/apps) by extensions ['colcon_meta']
[1.046s] Level 1:colcon.colcon_core.package_identification:_identify(src/depthai/apps) by extension 'colcon_meta'
[1.046s] Level 1:colcon.colcon_core.package_identification:_identify(src/depthai/apps) by extensions ['ros']
[1.046s] Level 1:colcon.colcon_core.package_identification:_identify(src/depthai/apps) by extension 'ros'
[1.046s] Level 1:colcon.colcon_core.package_identification:_identify(src/depthai/apps) by extensions ['cmake', 'python']
[1.046s] Level 1:colcon.colcon_core.package_identification:_identify(src/depthai/apps) by extension 'cmake'
[1.046s] Level 1:colcon.colcon_core.package_identification:_identify(src/depthai/apps) by extension 'python'
[1.046s] Level 1:colcon.colcon_core.package_identification:_identify(src/depthai/apps) by extensions ['python_setup_py']
[1.046s] Level 1:colcon.colcon_core.package_identification:_identify(src/depthai/apps) by extension 'python_setup_py'
[1.046s] Level 1:colcon.colcon_core.package_identification:_identify(src/depthai/apps/record) by extensions ['ignore', 'ignore_ament_install']
[1.046s] Level 1:colcon.colcon_core.package_identification:_identify(src/depthai/apps/record) by extension 'ignore'
[1.046s] Level 1:colcon.colcon_core.package_identification:_identify(src/depthai/apps/record) by extension 'ignore_ament_install'
[1.046s] Level 1:colcon.colcon_core.package_identification:_identify(src/depthai/apps/record) by extensions ['colcon_pkg']
[1.046s] Level 1:colcon.colcon_core.package_identification:_identify(src/depthai/apps/record) by extension 'colcon_pkg'
[1.046s] Level 1:colcon.colcon_core.package_identification:_identify(src/depthai/apps/record) by extensions ['colcon_meta']
[1.046s] Level 1:colcon.colcon_core.package_identification:_identify(src/depthai/apps/record) by extension 'colcon_meta'
[1.046s] Level 1:colcon.colcon_core.package_identification:_identify(src/depthai/apps/record) by extensions ['ros']
[1.046s] Level 1:colcon.colcon_core.package_identification:_identify(src/depthai/apps/record) by extension 'ros'
[1.046s] Level 1:colcon.colcon_core.package_identification:_identify(src/depthai/apps/record) by extensions ['cmake', 'python']
[1.046s] Level 1:colcon.colcon_core.package_identification:_identify(src/depthai/apps/record) by extension 'cmake'
[1.046s] Level 1:colcon.colcon_core.package_identification:_identify(src/depthai/apps/record) by extension 'python'
[1.046s] Level 1:colcon.colcon_core.package_identification:_identify(src/depthai/apps/record) by extensions ['python_setup_py']
[1.046s] Level 1:colcon.colcon_core.package_identification:_identify(src/depthai/apps/record) by extension 'python_setup_py'
[1.046s] Level 1:colcon.colcon_core.package_identification:_identify(src/depthai/apps/uvc) by extensions ['ignore', 'ignore_ament_install']
[1.046s] Level 1:colcon.colcon_core.package_identification:_identify(src/depthai/apps/uvc) by extension 'ignore'
[1.046s] Level 1:colcon.colcon_core.package_identification:_identify(src/depthai/apps/uvc) by extension 'ignore_ament_install'
[1.046s] Level 1:colcon.colcon_core.package_identification:_identify(src/depthai/apps/uvc) by extensions ['colcon_pkg']
[1.046s] Level 1:colcon.colcon_core.package_identification:_identify(src/depthai/apps/uvc) by extension 'colcon_pkg'
[1.046s] Level 1:colcon.colcon_core.package_identification:_identify(src/depthai/apps/uvc) by extensions ['colcon_meta']
[1.046s] Level 1:colcon.colcon_core.package_identification:_identify(src/depthai/apps/uvc) by extension 'colcon_meta'
[1.046s] Level 1:colcon.colcon_core.package_identification:_identify(src/depthai/apps/uvc) by extensions ['ros']
[1.046s] Level 1:colcon.colcon_core.package_identification:_identify(src/depthai/apps/uvc) by extension 'ros'
[1.046s] Level 1:colcon.colcon_core.package_identification:_identify(src/depthai/apps/uvc) by extensions ['cmake', 'python']
[1.046s] Level 1:colcon.colcon_core.package_identification:_identify(src/depthai/apps/uvc) by extension 'cmake'
[1.046s] Level 1:colcon.colcon_core.package_identification:_identify(src/depthai/apps/uvc) by extension 'python'
[1.046s] Level 1:colcon.colcon_core.package_identification:_identify(src/depthai/apps/uvc) by extensions ['python_setup_py']
[1.046s] Level 1:colcon.colcon_core.package_identification:_identify(src/depthai/apps/uvc) by extension 'python_setup_py'
[1.047s] Level 1:colcon.colcon_core.package_identification:_identify(src/depthai/autostart) by extensions ['ignore', 'ignore_ament_install']
[1.047s] Level 1:colcon.colcon_core.package_identification:_identify(src/depthai/autostart) by extension 'ignore'
[1.047s] Level 1:colcon.colcon_core.package_identification:_identify(src/depthai/autostart) by extension 'ignore_ament_install'
[1.047s] Level 1:colcon.colcon_core.package_identification:_identify(src/depthai/autostart) by extensions ['colcon_pkg']
[1.047s] Level 1:colcon.colcon_core.package_identification:_identify(src/depthai/autostart) by extension 'colcon_pkg'
[1.047s] Level 1:colcon.colcon_core.package_identification:_identify(src/depthai/autostart) by extensions ['colcon_meta']
[1.047s] Level 1:colcon.colcon_core.package_identification:_identify(src/depthai/autostart) by extension 'colcon_meta'
[1.047s] Level 1:colcon.colcon_core.package_identification:_identify(src/depthai/autostart) by extensions ['ros']
[1.047s] Level 1:colcon.colcon_core.package_identification:_identify(src/depthai/autostart) by extension 'ros'
[1.047s] Level 1:colcon.colcon_core.package_identification:_identify(src/depthai/autostart) by extensions ['cmake', 'python']
[1.047s] Level 1:colcon.colcon_core.package_identification:_identify(src/depthai/autostart) by extension 'cmake'
[1.047s] Level 1:colcon.colcon_core.package_identification:_identify(src/depthai/autostart) by extension 'python'
[1.047s] Level 1:colcon.colcon_core.package_identification:_identify(src/depthai/autostart) by extensions ['python_setup_py']
[1.047s] Level 1:colcon.colcon_core.package_identification:_identify(src/depthai/autostart) by extension 'python_setup_py'
[1.047s] Level 1:colcon.colcon_core.package_identification:_identify(src/depthai/charuco_boards_user_calib) by extensions ['ignore', 'ignore_ament_install']
[1.047s] Level 1:colcon.colcon_core.package_identification:_identify(src/depthai/charuco_boards_user_calib) by extension 'ignore'
[1.047s] Level 1:colcon.colcon_core.package_identification:_identify(src/depthai/charuco_boards_user_calib) by extension 'ignore_ament_install'
[1.047s] Level 1:colcon.colcon_core.package_identification:_identify(src/depthai/charuco_boards_user_calib) by extensions ['colcon_pkg']
[1.047s] Level 1:colcon.colcon_core.package_identification:_identify(src/depthai/charuco_boards_user_calib) by extension 'colcon_pkg'
[1.047s] Level 1:colcon.colcon_core.package_identification:_identify(src/depthai/charuco_boards_user_calib) by extensions ['colcon_meta']
[1.047s] Level 1:colcon.colcon_core.package_identification:_identify(src/depthai/charuco_boards_user_calib) by extension 'colcon_meta'
[1.047s] Level 1:colcon.colcon_core.package_identification:_identify(src/depthai/charuco_boards_user_calib) by extensions ['ros']
[1.047s] Level 1:colcon.colcon_core.package_identification:_identify(src/depthai/charuco_boards_user_calib) by extension 'ros'
[1.047s] Level 1:colcon.colcon_core.package_identification:_identify(src/depthai/charuco_boards_user_calib) by extensions ['cmake', 'python']
[1.047s] Level 1:colcon.colcon_core.package_identification:_identify(src/depthai/charuco_boards_user_calib) by extension 'cmake'
[1.047s] Level 1:colcon.colcon_core.package_identification:_identify(src/depthai/charuco_boards_user_calib) by extension 'python'
[1.047s] Level 1:colcon.colcon_core.package_identification:_identify(src/depthai/charuco_boards_user_calib) by extensions ['python_setup_py']
[1.047s] Level 1:colcon.colcon_core.package_identification:_identify(src/depthai/charuco_boards_user_calib) by extension 'python_setup_py'
[1.047s] Level 1:colcon.colcon_core.package_identification:_identify(src/depthai/depthai_calibration) by extensions ['ignore', 'ignore_ament_install']
[1.047s] Level 1:colcon.colcon_core.package_identification:_identify(src/depthai/depthai_calibration) by extension 'ignore'
[1.047s] Level 1:colcon.colcon_core.package_identification:_identify(src/depthai/depthai_calibration) by extension 'ignore_ament_install'
[1.047s] Level 1:colcon.colcon_core.package_identification:_identify(src/depthai/depthai_calibration) by extensions ['colcon_pkg']
[1.047s] Level 1:colcon.colcon_core.package_identification:_identify(src/depthai/depthai_calibration) by extension 'colcon_pkg'
[1.047s] Level 1:colcon.colcon_core.package_identification:_identify(src/depthai/depthai_calibration) by extensions ['colcon_meta']
[1.047s] Level 1:colcon.colcon_core.package_identification:_identify(src/depthai/depthai_calibration) by extension 'colcon_meta'
[1.047s] Level 1:colcon.colcon_core.package_identification:_identify(src/depthai/depthai_calibration) by extensions ['ros']
[1.047s] Level 1:colcon.colcon_core.package_identification:_identify(src/depthai/depthai_calibration) by extension 'ros'
[1.047s] Level 1:colcon.colcon_core.package_identification:_identify(src/depthai/depthai_calibration) by extensions ['cmake', 'python']
[1.047s] Level 1:colcon.colcon_core.package_identification:_identify(src/depthai/depthai_calibration) by extension 'cmake'
[1.047s] Level 1:colcon.colcon_core.package_identification:_identify(src/depthai/depthai_calibration) by extension 'python'
[1.047s] Level 1:colcon.colcon_core.package_identification:_identify(src/depthai/depthai_calibration) by extensions ['python_setup_py']
[1.047s] Level 1:colcon.colcon_core.package_identification:_identify(src/depthai/depthai_calibration) by extension 'python_setup_py'
[1.047s] Level 1:colcon.colcon_core.package_identification:_identify(src/depthai/depthai_helpers) by extensions ['ignore', 'ignore_ament_install']
[1.047s] Level 1:colcon.colcon_core.package_identification:_identify(src/depthai/depthai_helpers) by extension 'ignore'
[1.048s] Level 1:colcon.colcon_core.package_identification:_identify(src/depthai/depthai_helpers) by extension 'ignore_ament_install'
[1.048s] Level 1:colcon.colcon_core.package_identification:_identify(src/depthai/depthai_helpers) by extensions ['colcon_pkg']
[1.048s] Level 1:colcon.colcon_core.package_identification:_identify(src/depthai/depthai_helpers) by extension 'colcon_pkg'
[1.048s] Level 1:colcon.colcon_core.package_identification:_identify(src/depthai/depthai_helpers) by extensions ['colcon_meta']
[1.048s] Level 1:colcon.colcon_core.package_identification:_identify(src/depthai/depthai_helpers) by extension 'colcon_meta'
[1.048s] Level 1:colcon.colcon_core.package_identification:_identify(src/depthai/depthai_helpers) by extensions ['ros']
[1.048s] Level 1:colcon.colcon_core.package_identification:_identify(src/depthai/depthai_helpers) by extension 'ros'
[1.048s] Level 1:colcon.colcon_core.package_identification:_identify(src/depthai/depthai_helpers) by extensions ['cmake', 'python']
[1.048s] Level 1:colcon.colcon_core.package_identification:_identify(src/depthai/depthai_helpers) by extension 'cmake'
[1.048s] Level 1:colcon.colcon_core.package_identification:_identify(src/depthai/depthai_helpers) by extension 'python'
[1.048s] Level 1:colcon.colcon_core.package_identification:_identify(src/depthai/depthai_helpers) by extensions ['python_setup_py']
[1.048s] Level 1:colcon.colcon_core.package_identification:_identify(src/depthai/depthai_helpers) by extension 'python_setup_py'
[1.048s] Level 1:colcon.colcon_core.package_identification:_identify(src/depthai/depthai_helpers/__pycache__) by extensions ['ignore', 'ignore_ament_install']
[1.048s] Level 1:colcon.colcon_core.package_identification:_identify(src/depthai/depthai_helpers/__pycache__) by extension 'ignore'
[1.048s] Level 1:colcon.colcon_core.package_identification:_identify(src/depthai/depthai_helpers/__pycache__) by extension 'ignore_ament_install'
[1.048s] Level 1:colcon.colcon_core.package_identification:_identify(src/depthai/depthai_helpers/__pycache__) by extensions ['colcon_pkg']
[1.048s] Level 1:colcon.colcon_core.package_identification:_identify(src/depthai/depthai_helpers/__pycache__) by extension 'colcon_pkg'
[1.048s] Level 1:colcon.colcon_core.package_identification:_identify(src/depthai/depthai_helpers/__pycache__) by extensions ['colcon_meta']
[1.048s] Level 1:colcon.colcon_core.package_identification:_identify(src/depthai/depthai_helpers/__pycache__) by extension 'colcon_meta'
[1.048s] Level 1:colcon.colcon_core.package_identification:_identify(src/depthai/depthai_helpers/__pycache__) by extensions ['ros']
[1.048s] Level 1:colcon.colcon_core.package_identification:_identify(src/depthai/depthai_helpers/__pycache__) by extension 'ros'
[1.048s] Level 1:colcon.colcon_core.package_identification:_identify(src/depthai/depthai_helpers/__pycache__) by extensions ['cmake', 'python']
[1.048s] Level 1:colcon.colcon_core.package_identification:_identify(src/depthai/depthai_helpers/__pycache__) by extension 'cmake'
[1.048s] Level 1:colcon.colcon_core.package_identification:_identify(src/depthai/depthai_helpers/__pycache__) by extension 'python'
[1.048s] Level 1:colcon.colcon_core.package_identification:_identify(src/depthai/depthai_helpers/__pycache__) by extensions ['python_setup_py']
[1.048s] Level 1:colcon.colcon_core.package_identification:_identify(src/depthai/depthai_helpers/__pycache__) by extension 'python_setup_py'
[1.048s] Level 1:colcon.colcon_core.package_identification:_identify(src/depthai/depthai_sdk) by extensions ['ignore', 'ignore_ament_install']
[1.048s] Level 1:colcon.colcon_core.package_identification:_identify(src/depthai/depthai_sdk) by extension 'ignore'
[1.048s] Level 1:colcon.colcon_core.package_identification:_identify(src/depthai/depthai_sdk) by extension 'ignore_ament_install'
[1.048s] Level 1:colcon.colcon_core.package_identification:_identify(src/depthai/depthai_sdk) by extensions ['colcon_pkg']
[1.048s] Level 1:colcon.colcon_core.package_identification:_identify(src/depthai/depthai_sdk) by extension 'colcon_pkg'
[1.048s] Level 1:colcon.colcon_core.package_identification:_identify(src/depthai/depthai_sdk) by extensions ['colcon_meta']
[1.048s] Level 1:colcon.colcon_core.package_identification:_identify(src/depthai/depthai_sdk) by extension 'colcon_meta'
[1.048s] Level 1:colcon.colcon_core.package_identification:_identify(src/depthai/depthai_sdk) by extensions ['ros']
[1.048s] Level 1:colcon.colcon_core.package_identification:_identify(src/depthai/depthai_sdk) by extension 'ros'
[1.048s] Level 1:colcon.colcon_core.package_identification:_identify(src/depthai/depthai_sdk) by extensions ['cmake', 'python']
[1.048s] Level 1:colcon.colcon_core.package_identification:_identify(src/depthai/depthai_sdk) by extension 'cmake'
[1.048s] Level 1:colcon.colcon_core.package_identification:_identify(src/depthai/depthai_sdk) by extension 'python'
[1.048s] Level 1:colcon.colcon_core.package_identification:_identify(src/depthai/depthai_sdk) by extensions ['python_setup_py']
[1.049s] Level 1:colcon.colcon_core.package_identification:_identify(src/depthai/depthai_sdk) by extension 'python_setup_py'
[1.261s] DEBUG:colcon.colcon_core.package_identification:Package 'src/depthai/depthai_sdk' with type 'python' and name 'depthai-sdk'
[1.262s] Level 1:colcon.colcon_core.package_identification:_identify(src/depthai/entrypoint) by extensions ['ignore', 'ignore_ament_install']
[1.262s] Level 1:colcon.colcon_core.package_identification:_identify(src/depthai/entrypoint) by extension 'ignore'
[1.262s] Level 1:colcon.colcon_core.package_identification:_identify(src/depthai/entrypoint) by extension 'ignore_ament_install'
[1.262s] Level 1:colcon.colcon_core.package_identification:_identify(src/depthai/entrypoint) by extensions ['colcon_pkg']
[1.262s] Level 1:colcon.colcon_core.package_identification:_identify(src/depthai/entrypoint) by extension 'colcon_pkg'
[1.262s] Level 1:colcon.colcon_core.package_identification:_identify(src/depthai/entrypoint) by extensions ['colcon_meta']
[1.262s] Level 1:colcon.colcon_core.package_identification:_identify(src/depthai/entrypoint) by extension 'colcon_meta'
[1.262s] Level 1:colcon.colcon_core.package_identification:_identify(src/depthai/entrypoint) by extensions ['ros']
[1.262s] Level 1:colcon.colcon_core.package_identification:_identify(src/depthai/entrypoint) by extension 'ros'
[1.262s] Level 1:colcon.colcon_core.package_identification:_identify(src/depthai/entrypoint) by extensions ['cmake', 'python']
[1.262s] Level 1:colcon.colcon_core.package_identification:_identify(src/depthai/entrypoint) by extension 'cmake'
[1.262s] Level 1:colcon.colcon_core.package_identification:_identify(src/depthai/entrypoint) by extension 'python'
[1.262s] Level 1:colcon.colcon_core.package_identification:_identify(src/depthai/entrypoint) by extensions ['python_setup_py']
[1.262s] Level 1:colcon.colcon_core.package_identification:_identify(src/depthai/entrypoint) by extension 'python_setup_py'
[1.262s] Level 1:colcon.colcon_core.package_identification:_identify(src/depthai/gui) by extensions ['ignore', 'ignore_ament_install']
[1.262s] Level 1:colcon.colcon_core.package_identification:_identify(src/depthai/gui) by extension 'ignore'
[1.262s] Level 1:colcon.colcon_core.package_identification:_identify(src/depthai/gui) by extension 'ignore_ament_install'
[1.262s] Level 1:colcon.colcon_core.package_identification:_identify(src/depthai/gui) by extensions ['colcon_pkg']
[1.262s] Level 1:colcon.colcon_core.package_identification:_identify(src/depthai/gui) by extension 'colcon_pkg'
[1.262s] Level 1:colcon.colcon_core.package_identification:_identify(src/depthai/gui) by extensions ['colcon_meta']
[1.262s] Level 1:colcon.colcon_core.package_identification:_identify(src/depthai/gui) by extension 'colcon_meta'
[1.262s] Level 1:colcon.colcon_core.package_identification:_identify(src/depthai/gui) by extensions ['ros']
[1.262s] Level 1:colcon.colcon_core.package_identification:_identify(src/depthai/gui) by extension 'ros'
[1.262s] Level 1:colcon.colcon_core.package_identification:_identify(src/depthai/gui) by extensions ['cmake', 'python']
[1.262s] Level 1:colcon.colcon_core.package_identification:_identify(src/depthai/gui) by extension 'cmake'
[1.262s] Level 1:colcon.colcon_core.package_identification:_identify(src/depthai/gui) by extension 'python'
[1.262s] Level 1:colcon.colcon_core.package_identification:_identify(src/depthai/gui) by extensions ['python_setup_py']
[1.262s] Level 1:colcon.colcon_core.package_identification:_identify(src/depthai/gui) by extension 'python_setup_py'
[1.262s] Level 1:colcon.colcon_core.package_identification:_identify(src/depthai/gui/__pycache__) by extensions ['ignore', 'ignore_ament_install']
[1.262s] Level 1:colcon.colcon_core.package_identification:_identify(src/depthai/gui/__pycache__) by extension 'ignore'
[1.262s] Level 1:colcon.colcon_core.package_identification:_identify(src/depthai/gui/__pycache__) by extension 'ignore_ament_install'
[1.262s] Level 1:colcon.colcon_core.package_identification:_identify(src/depthai/gui/__pycache__) by extensions ['colcon_pkg']
[1.262s] Level 1:colcon.colcon_core.package_identification:_identify(src/depthai/gui/__pycache__) by extension 'colcon_pkg'
[1.263s] Level 1:colcon.colcon_core.package_identification:_identify(src/depthai/gui/__pycache__) by extensions ['colcon_meta']
[1.263s] Level 1:colcon.colcon_core.package_identification:_identify(src/depthai/gui/__pycache__) by extension 'colcon_meta'
[1.263s] Level 1:colcon.colcon_core.package_identification:_identify(src/depthai/gui/__pycache__) by extensions ['ros']
[1.263s] Level 1:colcon.colcon_core.package_identification:_identify(src/depthai/gui/__pycache__) by extension 'ros'
[1.263s] Level 1:colcon.colcon_core.package_identification:_identify(src/depthai/gui/__pycache__) by extensions ['cmake', 'python']
[1.263s] Level 1:colcon.colcon_core.package_identification:_identify(src/depthai/gui/__pycache__) by extension 'cmake'
[1.263s] Level 1:colcon.colcon_core.package_identification:_identify(src/depthai/gui/__pycache__) by extension 'python'
[1.263s] Level 1:colcon.colcon_core.package_identification:_identify(src/depthai/gui/__pycache__) by extensions ['python_setup_py']
[1.263s] Level 1:colcon.colcon_core.package_identification:_identify(src/depthai/gui/__pycache__) by extension 'python_setup_py'
[1.263s] Level 1:colcon.colcon_core.package_identification:_identify(src/depthai/gui/views) by extensions ['ignore', 'ignore_ament_install']
[1.263s] Level 1:colcon.colcon_core.package_identification:_identify(src/depthai/gui/views) by extension 'ignore'
[1.263s] Level 1:colcon.colcon_core.package_identification:_identify(src/depthai/gui/views) by extension 'ignore_ament_install'
[1.263s] Level 1:colcon.colcon_core.package_identification:_identify(src/depthai/gui/views) by extensions ['colcon_pkg']
[1.263s] Level 1:colcon.colcon_core.package_identification:_identify(src/depthai/gui/views) by extension 'colcon_pkg'
[1.263s] Level 1:colcon.colcon_core.package_identification:_identify(src/depthai/gui/views) by extensions ['colcon_meta']
[1.263s] Level 1:colcon.colcon_core.package_identification:_identify(src/depthai/gui/views) by extension 'colcon_meta'
[1.263s] Level 1:colcon.colcon_core.package_identification:_identify(src/depthai/gui/views) by extensions ['ros']
[1.263s] Level 1:colcon.colcon_core.package_identification:_identify(src/depthai/gui/views) by extension 'ros'
[1.263s] Level 1:colcon.colcon_core.package_identification:_identify(src/depthai/gui/views) by extensions ['cmake', 'python']
[1.263s] Level 1:colcon.colcon_core.package_identification:_identify(src/depthai/gui/views) by extension 'cmake'
[1.263s] Level 1:colcon.colcon_core.package_identification:_identify(src/depthai/gui/views) by extension 'python'
[1.263s] Level 1:colcon.colcon_core.package_identification:_identify(src/depthai/gui/views) by extensions ['python_setup_py']
[1.263s] Level 1:colcon.colcon_core.package_identification:_identify(src/depthai/gui/views) by extension 'python_setup_py'
[1.263s] Level 1:colcon.colcon_core.package_identification:_identify(src/depthai/launcher) by extensions ['ignore', 'ignore_ament_install']
[1.263s] Level 1:colcon.colcon_core.package_identification:_identify(src/depthai/launcher) by extension 'ignore'
[1.263s] Level 1:colcon.colcon_core.package_identification:_identify(src/depthai/launcher) by extension 'ignore_ament_install'
[1.263s] Level 1:colcon.colcon_core.package_identification:_identify(src/depthai/launcher) by extensions ['colcon_pkg']
[1.263s] Level 1:colcon.colcon_core.package_identification:_identify(src/depthai/launcher) by extension 'colcon_pkg'
[1.263s] Level 1:colcon.colcon_core.package_identification:_identify(src/depthai/launcher) by extensions ['colcon_meta']
[1.263s] Level 1:colcon.colcon_core.package_identification:_identify(src/depthai/launcher) by extension 'colcon_meta'
[1.263s] Level 1:colcon.colcon_core.package_identification:_identify(src/depthai/launcher) by extensions ['ros']
[1.263s] Level 1:colcon.colcon_core.package_identification:_identify(src/depthai/launcher) by extension 'ros'
[1.263s] Level 1:colcon.colcon_core.package_identification:_identify(src/depthai/launcher) by extensions ['cmake', 'python']
[1.263s] Level 1:colcon.colcon_core.package_identification:_identify(src/depthai/launcher) by extension 'cmake'
[1.263s] Level 1:colcon.colcon_core.package_identification:_identify(src/depthai/launcher) by extension 'python'
[1.263s] Level 1:colcon.colcon_core.package_identification:_identify(src/depthai/launcher) by extensions ['python_setup_py']
[1.263s] Level 1:colcon.colcon_core.package_identification:_identify(src/depthai/launcher) by extension 'python_setup_py'
[1.264s] Level 1:colcon.colcon_core.package_identification:_identify(src/depthai/launcher/windows) by extensions ['ignore', 'ignore_ament_install']
[1.264s] Level 1:colcon.colcon_core.package_identification:_identify(src/depthai/launcher/windows) by extension 'ignore'
[1.264s] Level 1:colcon.colcon_core.package_identification:_identify(src/depthai/launcher/windows) by extension 'ignore_ament_install'
[1.264s] Level 1:colcon.colcon_core.package_identification:_identify(src/depthai/launcher/windows) by extensions ['colcon_pkg']
[1.264s] Level 1:colcon.colcon_core.package_identification:_identify(src/depthai/launcher/windows) by extension 'colcon_pkg'
[1.264s] Level 1:colcon.colcon_core.package_identification:_identify(src/depthai/launcher/windows) by extensions ['colcon_meta']
[1.264s] Level 1:colcon.colcon_core.package_identification:_identify(src/depthai/launcher/windows) by extension 'colcon_meta'
[1.264s] Level 1:colcon.colcon_core.package_identification:_identify(src/depthai/launcher/windows) by extensions ['ros']
[1.264s] Level 1:colcon.colcon_core.package_identification:_identify(src/depthai/launcher/windows) by extension 'ros'
[1.264s] Level 1:colcon.colcon_core.package_identification:_identify(src/depthai/launcher/windows) by extensions ['cmake', 'python']
[1.264s] Level 1:colcon.colcon_core.package_identification:_identify(src/depthai/launcher/windows) by extension 'cmake'
[1.264s] Level 1:colcon.colcon_core.package_identification:_identify(src/depthai/launcher/windows) by extension 'python'
[1.264s] Level 1:colcon.colcon_core.package_identification:_identify(src/depthai/launcher/windows) by extensions ['python_setup_py']
[1.264s] Level 1:colcon.colcon_core.package_identification:_identify(src/depthai/launcher/windows) by extension 'python_setup_py'
[1.264s] Level 1:colcon.colcon_core.package_identification:_identify(src/depthai/launcher/windows/src) by extensions ['ignore', 'ignore_ament_install']
[1.264s] Level 1:colcon.colcon_core.package_identification:_identify(src/depthai/launcher/windows/src) by extension 'ignore'
[1.264s] Level 1:colcon.colcon_core.package_identification:_identify(src/depthai/launcher/windows/src) by extension 'ignore_ament_install'
[1.264s] Level 1:colcon.colcon_core.package_identification:_identify(src/depthai/launcher/windows/src) by extensions ['colcon_pkg']
[1.264s] Level 1:colcon.colcon_core.package_identification:_identify(src/depthai/launcher/windows/src) by extension 'colcon_pkg'
[1.264s] Level 1:colcon.colcon_core.package_identification:_identify(src/depthai/launcher/windows/src) by extensions ['colcon_meta']
[1.264s] Level 1:colcon.colcon_core.package_identification:_identify(src/depthai/launcher/windows/src) by extension 'colcon_meta'
[1.264s] Level 1:colcon.colcon_core.package_identification:_identify(src/depthai/launcher/windows/src) by extensions ['ros']
[1.264s] Level 1:colcon.colcon_core.package_identification:_identify(src/depthai/launcher/windows/src) by extension 'ros'
[1.264s] Level 1:colcon.colcon_core.package_identification:_identify(src/depthai/launcher/windows/src) by extensions ['cmake', 'python']
[1.264s] Level 1:colcon.colcon_core.package_identification:_identify(src/depthai/launcher/windows/src) by extension 'cmake'
[1.264s] Level 1:colcon.colcon_core.package_identification:_identify(src/depthai/launcher/windows/src) by extension 'python'
[1.264s] Level 1:colcon.colcon_core.package_identification:_identify(src/depthai/launcher/windows/src) by extensions ['python_setup_py']
[1.264s] Level 1:colcon.colcon_core.package_identification:_identify(src/depthai/launcher/windows/src) by extension 'python_setup_py'
[1.264s] Level 1:colcon.colcon_core.package_identification:_identify(src/depthai/resources) by extensions ['ignore', 'ignore_ament_install']
[1.264s] Level 1:colcon.colcon_core.package_identification:_identify(src/depthai/resources) by extension 'ignore'
[1.264s] Level 1:colcon.colcon_core.package_identification:_identify(src/depthai/resources) by extension 'ignore_ament_install'
[1.265s] Level 1:colcon.colcon_core.package_identification:_identify(src/depthai/resources) by extensions ['colcon_pkg']
[1.265s] Level 1:colcon.colcon_core.package_identification:_identify(src/depthai/resources) by extension 'colcon_pkg'
[1.265s] Level 1:colcon.colcon_core.package_identification:_identify(src/depthai/resources) by extensions ['colcon_meta']
[1.265s] Level 1:colcon.colcon_core.package_identification:_identify(src/depthai/resources) by extension 'colcon_meta'
[1.265s] Level 1:colcon.colcon_core.package_identification:_identify(src/depthai/resources) by extensions ['ros']
[1.265s] Level 1:colcon.colcon_core.package_identification:_identify(src/depthai/resources) by extension 'ros'
[1.265s] Level 1:colcon.colcon_core.package_identification:_identify(src/depthai/resources) by extensions ['cmake', 'python']
[1.265s] Level 1:colcon.colcon_core.package_identification:_identify(src/depthai/resources) by extension 'cmake'
[1.265s] Level 1:colcon.colcon_core.package_identification:_identify(src/depthai/resources) by extension 'python'
[1.265s] Level 1:colcon.colcon_core.package_identification:_identify(src/depthai/resources) by extensions ['python_setup_py']
[1.265s] Level 1:colcon.colcon_core.package_identification:_identify(src/depthai/resources) by extension 'python_setup_py'
[1.265s] Level 1:colcon.colcon_core.package_identification:_identify(src/depthai/resources/depthai_boards) by extensions ['ignore', 'ignore_ament_install']
[1.265s] Level 1:colcon.colcon_core.package_identification:_identify(src/depthai/resources/depthai_boards) by extension 'ignore'
[1.265s] Level 1:colcon.colcon_core.package_identification:_identify(src/depthai/resources/depthai_boards) by extension 'ignore_ament_install'
[1.265s] Level 1:colcon.colcon_core.package_identification:_identify(src/depthai/resources/depthai_boards) by extensions ['colcon_pkg']
[1.265s] Level 1:colcon.colcon_core.package_identification:_identify(src/depthai/resources/depthai_boards) by extension 'colcon_pkg'
[1.265s] Level 1:colcon.colcon_core.package_identification:_identify(src/depthai/resources/depthai_boards) by extensions ['colcon_meta']
[1.265s] Level 1:colcon.colcon_core.package_identification:_identify(src/depthai/resources/depthai_boards) by extension 'colcon_meta'
[1.265s] Level 1:colcon.colcon_core.package_identification:_identify(src/depthai/resources/depthai_boards) by extensions ['ros']
[1.265s] Level 1:colcon.colcon_core.package_identification:_identify(src/depthai/resources/depthai_boards) by extension 'ros'
[1.265s] Level 1:colcon.colcon_core.package_identification:_identify(src/depthai/resources/depthai_boards) by extensions ['cmake', 'python']
[1.265s] Level 1:colcon.colcon_core.package_identification:_identify(src/depthai/resources/depthai_boards) by extension 'cmake'
[1.265s] Level 1:colcon.colcon_core.package_identification:_identify(src/depthai/resources/depthai_boards) by extension 'python'
[1.265s] Level 1:colcon.colcon_core.package_identification:_identify(src/depthai/resources/depthai_boards) by extensions ['python_setup_py']
[1.265s] Level 1:colcon.colcon_core.package_identification:_identify(src/depthai/resources/depthai_boards) by extension 'python_setup_py'
[1.265s] Level 1:colcon.colcon_core.package_identification:_identify(src/depthai/resources/depthai_boards/batch) by extensions ['ignore', 'ignore_ament_install']
[1.265s] Level 1:colcon.colcon_core.package_identification:_identify(src/depthai/resources/depthai_boards/batch) by extension 'ignore'
[1.265s] Level 1:colcon.colcon_core.package_identification:_identify(src/depthai/resources/depthai_boards/batch) by extension 'ignore_ament_install'
[1.265s] Level 1:colcon.colcon_core.package_identification:_identify(src/depthai/resources/depthai_boards/batch) by extensions ['colcon_pkg']
[1.265s] Level 1:colcon.colcon_core.package_identification:_identify(src/depthai/resources/depthai_boards/batch) by extension 'colcon_pkg'
[1.265s] Level 1:colcon.colcon_core.package_identification:_identify(src/depthai/resources/depthai_boards/batch) by extensions ['colcon_meta']
[1.265s] Level 1:colcon.colcon_core.package_identification:_identify(src/depthai/resources/depthai_boards/batch) by extension 'colcon_meta'
[1.265s] Level 1:colcon.colcon_core.package_identification:_identify(src/depthai/resources/depthai_boards/batch) by extensions ['ros']
[1.265s] Level 1:colcon.colcon_core.package_identification:_identify(src/depthai/resources/depthai_boards/batch) by extension 'ros'
[1.265s] Level 1:colcon.colcon_core.package_identification:_identify(src/depthai/resources/depthai_boards/batch) by extensions ['cmake', 'python']
[1.265s] Level 1:colcon.colcon_core.package_identification:_identify(src/depthai/resources/depthai_boards/batch) by extension 'cmake'
[1.265s] Level 1:colcon.colcon_core.package_identification:_identify(src/depthai/resources/depthai_boards/batch) by extension 'python'
[1.265s] Level 1:colcon.colcon_core.package_identification:_identify(src/depthai/resources/depthai_boards/batch) by extensions ['python_setup_py']
[1.266s] Level 1:colcon.colcon_core.package_identification:_identify(src/depthai/resources/depthai_boards/batch) by extension 'python_setup_py'
[1.266s] Level 1:colcon.colcon_core.package_identification:_identify(src/depthai/resources/depthai_boards/batch/eeprom) by extensions ['ignore', 'ignore_ament_install']
[1.266s] Level 1:colcon.colcon_core.package_identification:_identify(src/depthai/resources/depthai_boards/batch/eeprom) by extension 'ignore'
[1.266s] Level 1:colcon.colcon_core.package_identification:_identify(src/depthai/resources/depthai_boards/batch/eeprom) by extension 'ignore_ament_install'
[1.266s] Level 1:colcon.colcon_core.package_identification:_identify(src/depthai/resources/depthai_boards/batch/eeprom) by extensions ['colcon_pkg']
[1.266s] Level 1:colcon.colcon_core.package_identification:_identify(src/depthai/resources/depthai_boards/batch/eeprom) by extension 'colcon_pkg'
[1.266s] Level 1:colcon.colcon_core.package_identification:_identify(src/depthai/resources/depthai_boards/batch/eeprom) by extensions ['colcon_meta']
[1.266s] Level 1:colcon.colcon_core.package_identification:_identify(src/depthai/resources/depthai_boards/batch/eeprom) by extension 'colcon_meta'
[1.266s] Level 1:colcon.colcon_core.package_identification:_identify(src/depthai/resources/depthai_boards/batch/eeprom) by extensions ['ros']
[1.266s] Level 1:colcon.colcon_core.package_identification:_identify(src/depthai/resources/depthai_boards/batch/eeprom) by extension 'ros'
[1.266s] Level 1:colcon.colcon_core.package_identification:_identify(src/depthai/resources/depthai_boards/batch/eeprom) by extensions ['cmake', 'python']
[1.266s] Level 1:colcon.colcon_core.package_identification:_identify(src/depthai/resources/depthai_boards/batch/eeprom) by extension 'cmake'
[1.266s] Level 1:colcon.colcon_core.package_identification:_identify(src/depthai/resources/depthai_boards/batch/eeprom) by extension 'python'
[1.266s] Level 1:colcon.colcon_core.package_identification:_identify(src/depthai/resources/depthai_boards/batch/eeprom) by extensions ['python_setup_py']
[1.266s] Level 1:colcon.colcon_core.package_identification:_identify(src/depthai/resources/depthai_boards/batch/eeprom) by extension 'python_setup_py'
[1.266s] Level 1:colcon.colcon_core.package_identification:_identify(src/depthai/resources/depthai_boards/boards) by extensions ['ignore', 'ignore_ament_install']
[1.266s] Level 1:colcon.colcon_core.package_identification:_identify(src/depthai/resources/depthai_boards/boards) by extension 'ignore'
[1.266s] Level 1:colcon.colcon_core.package_identification:_identify(src/depthai/resources/depthai_boards/boards) by extension 'ignore_ament_install'
[1.266s] Level 1:colcon.colcon_core.package_identification:_identify(src/depthai/resources/depthai_boards/boards) by extensions ['colcon_pkg']
[1.266s] Level 1:colcon.colcon_core.package_identification:_identify(src/depthai/resources/depthai_boards/boards) by extension 'colcon_pkg'
[1.266s] Level 1:colcon.colcon_core.package_identification:_identify(src/depthai/resources/depthai_boards/boards) by extensions ['colcon_meta']
[1.266s] Level 1:colcon.colcon_core.package_identification:_identify(src/depthai/resources/depthai_boards/boards) by extension 'colcon_meta'
[1.266s] Level 1:colcon.colcon_core.package_identification:_identify(src/depthai/resources/depthai_boards/boards) by extensions ['ros']
[1.266s] Level 1:colcon.colcon_core.package_identification:_identify(src/depthai/resources/depthai_boards/boards) by extension 'ros'
[1.266s] Level 1:colcon.colcon_core.package_identification:_identify(src/depthai/resources/depthai_boards/boards) by extensions ['cmake', 'python']
[1.266s] Level 1:colcon.colcon_core.package_identification:_identify(src/depthai/resources/depthai_boards/boards) by extension 'cmake'
[1.266s] Level 1:colcon.colcon_core.package_identification:_identify(src/depthai/resources/depthai_boards/boards) by extension 'python'
[1.266s] Level 1:colcon.colcon_core.package_identification:_identify(src/depthai/resources/depthai_boards/boards) by extensions ['python_setup_py']
[1.266s] Level 1:colcon.colcon_core.package_identification:_identify(src/depthai/resources/depthai_boards/boards) by extension 'python_setup_py'
[1.267s] Level 1:colcon.colcon_core.package_identification:_identify(src/depthai/resources/nn) by extensions ['ignore', 'ignore_ament_install']
[1.267s] Level 1:colcon.colcon_core.package_identification:_identify(src/depthai/resources/nn) by extension 'ignore'
[1.267s] Level 1:colcon.colcon_core.package_identification:_identify(src/depthai/resources/nn) by extension 'ignore_ament_install'
[1.267s] Level 1:colcon.colcon_core.package_identification:_identify(src/depthai/resources/nn) by extensions ['colcon_pkg']
[1.267s] Level 1:colcon.colcon_core.package_identification:_identify(src/depthai/resources/nn) by extension 'colcon_pkg'
[1.267s] Level 1:colcon.colcon_core.package_identification:_identify(src/depthai/resources/nn) by extensions ['colcon_meta']
[1.267s] Level 1:colcon.colcon_core.package_identification:_identify(src/depthai/resources/nn) by extension 'colcon_meta'
[1.267s] Level 1:colcon.colcon_core.package_identification:_identify(src/depthai/resources/nn) by extensions ['ros']
[1.267s] Level 1:colcon.colcon_core.package_identification:_identify(src/depthai/resources/nn) by extension 'ros'
[1.267s] Level 1:colcon.colcon_core.package_identification:_identify(src/depthai/resources/nn) by extensions ['cmake', 'python']
[1.267s] Level 1:colcon.colcon_core.package_identification:_identify(src/depthai/resources/nn) by extension 'cmake'
[1.267s] Level 1:colcon.colcon_core.package_identification:_identify(src/depthai/resources/nn) by extension 'python'
[1.267s] Level 1:colcon.colcon_core.package_identification:_identify(src/depthai/resources/nn) by extensions ['python_setup_py']
[1.267s] Level 1:colcon.colcon_core.package_identification:_identify(src/depthai/resources/nn) by extension 'python_setup_py'
[1.267s] Level 1:colcon.colcon_core.package_identification:_identify(src/depthai/resources/nn/custom_model) by extensions ['ignore', 'ignore_ament_install']
[1.267s] Level 1:colcon.colcon_core.package_identification:_identify(src/depthai/resources/nn/custom_model) by extension 'ignore'
[1.267s] Level 1:colcon.colcon_core.package_identification:_identify(src/depthai/resources/nn/custom_model) by extension 'ignore_ament_install'
[1.267s] Level 1:colcon.colcon_core.package_identification:_identify(src/depthai/resources/nn/custom_model) by extensions ['colcon_pkg']
[1.267s] Level 1:colcon.colcon_core.package_identification:_identify(src/depthai/resources/nn/custom_model) by extension 'colcon_pkg'
[1.267s] Level 1:colcon.colcon_core.package_identification:_identify(src/depthai/resources/nn/custom_model) by extensions ['colcon_meta']
[1.267s] Level 1:colcon.colcon_core.package_identification:_identify(src/depthai/resources/nn/custom_model) by extension 'colcon_meta'
[1.267s] Level 1:colcon.colcon_core.package_identification:_identify(src/depthai/resources/nn/custom_model) by extensions ['ros']
[1.267s] Level 1:colcon.colcon_core.package_identification:_identify(src/depthai/resources/nn/custom_model) by extension 'ros'
[1.267s] Level 1:colcon.colcon_core.package_identification:_identify(src/depthai/resources/nn/custom_model) by extensions ['cmake', 'python']
[1.267s] Level 1:colcon.colcon_core.package_identification:_identify(src/depthai/resources/nn/custom_model) by extension 'cmake'
[1.267s] Level 1:colcon.colcon_core.package_identification:_identify(src/depthai/resources/nn/custom_model) by extension 'python'
[1.267s] Level 1:colcon.colcon_core.package_identification:_identify(src/depthai/resources/nn/custom_model) by extensions ['python_setup_py']
[1.267s] Level 1:colcon.colcon_core.package_identification:_identify(src/depthai/resources/nn/custom_model) by extension 'python_setup_py'
[1.267s] Level 1:colcon.colcon_core.package_identification:_identify(src/depthai/resources/nn/deeplabv3p_person) by extensions ['ignore', 'ignore_ament_install']
[1.267s] Level 1:colcon.colcon_core.package_identification:_identify(src/depthai/resources/nn/deeplabv3p_person) by extension 'ignore'
[1.267s] Level 1:colcon.colcon_core.package_identification:_identify(src/depthai/resources/nn/deeplabv3p_person) by extension 'ignore_ament_install'
[1.268s] Level 1:colcon.colcon_core.package_identification:_identify(src/depthai/resources/nn/deeplabv3p_person) by extensions ['colcon_pkg']
[1.268s] Level 1:colcon.colcon_core.package_identification:_identify(src/depthai/resources/nn/deeplabv3p_person) by extension 'colcon_pkg'
[1.268s] Level 1:colcon.colcon_core.package_identification:_identify(src/depthai/resources/nn/deeplabv3p_person) by extensions ['colcon_meta']
[1.268s] Level 1:colcon.colcon_core.package_identification:_identify(src/depthai/resources/nn/deeplabv3p_person) by extension 'colcon_meta'
[1.268s] Level 1:colcon.colcon_core.package_identification:_identify(src/depthai/resources/nn/deeplabv3p_person) by extensions ['ros']
[1.268s] Level 1:colcon.colcon_core.package_identification:_identify(src/depthai/resources/nn/deeplabv3p_person) by extension 'ros'
[1.268s] Level 1:colcon.colcon_core.package_identification:_identify(src/depthai/resources/nn/deeplabv3p_person) by extensions ['cmake', 'python']
[1.268s] Level 1:colcon.colcon_core.package_identification:_identify(src/depthai/resources/nn/deeplabv3p_person) by extension 'cmake'
[1.268s] Level 1:colcon.colcon_core.package_identification:_identify(src/depthai/resources/nn/deeplabv3p_person) by extension 'python'
[1.268s] Level 1:colcon.colcon_core.package_identification:_identify(src/depthai/resources/nn/deeplabv3p_person) by extensions ['python_setup_py']
[1.268s] Level 1:colcon.colcon_core.package_identification:_identify(src/depthai/resources/nn/deeplabv3p_person) by extension 'python_setup_py'
[1.269s] Level 1:colcon.colcon_core.package_identification:_identify(src/depthai/resources/nn/face-detection-adas-0001) by extensions ['ignore', 'ignore_ament_install']
[1.269s] Level 1:colcon.colcon_core.package_identification:_identify(src/depthai/resources/nn/face-detection-adas-0001) by extension 'ignore'
[1.269s] Level 1:colcon.colcon_core.package_identification:_identify(src/depthai/resources/nn/face-detection-adas-0001) by extension 'ignore_ament_install'
[1.269s] Level 1:colcon.colcon_core.package_identification:_identify(src/depthai/resources/nn/face-detection-adas-0001) by extensions ['colcon_pkg']
[1.269s] Level 1:colcon.colcon_core.package_identification:_identify(src/depthai/resources/nn/face-detection-adas-0001) by extension 'colcon_pkg'
[1.269s] Level 1:colcon.colcon_core.package_identification:_identify(src/depthai/resources/nn/face-detection-adas-0001) by extensions ['colcon_meta']
[1.269s] Level 1:colcon.colcon_core.package_identification:_identify(src/depthai/resources/nn/face-detection-adas-0001) by extension 'colcon_meta'
[1.269s] Level 1:colcon.colcon_core.package_identification:_identify(src/depthai/resources/nn/face-detection-adas-0001) by extensions ['ros']
[1.269s] Level 1:colcon.colcon_core.package_identification:_identify(src/depthai/resources/nn/face-detection-adas-0001) by extension 'ros'
[1.269s] Level 1:colcon.colcon_core.package_identification:_identify(src/depthai/resources/nn/face-detection-adas-0001) by extensions ['cmake', 'python']
[1.269s] Level 1:colcon.colcon_core.package_identification:_identify(src/depthai/resources/nn/face-detection-adas-0001) by extension 'cmake'
[1.269s] Level 1:colcon.colcon_core.package_identification:_identify(src/depthai/resources/nn/face-detection-adas-0001) by extension 'python'
[1.269s] Level 1:colcon.colcon_core.package_identification:_identify(src/depthai/resources/nn/face-detection-adas-0001) by extensions ['python_setup_py']
[1.269s] Level 1:colcon.colcon_core.package_identification:_identify(src/depthai/resources/nn/face-detection-adas-0001) by extension 'python_setup_py'
[1.269s] Level 1:colcon.colcon_core.package_identification:_identify(src/depthai/resources/nn/face-detection-retail-0004) by extensions ['ignore', 'ignore_ament_install']
[1.269s] Level 1:colcon.colcon_core.package_identification:_identify(src/depthai/resources/nn/face-detection-retail-0004) by extension 'ignore'
[1.269s] Level 1:colcon.colcon_core.package_identification:_identify(src/depthai/resources/nn/face-detection-retail-0004) by extension 'ignore_ament_install'
[1.269s] Level 1:colcon.colcon_core.package_identification:_identify(src/depthai/resources/nn/face-detection-retail-0004) by extensions ['colcon_pkg']
[1.269s] Level 1:colcon.colcon_core.package_identification:_identify(src/depthai/resources/nn/face-detection-retail-0004) by extension 'colcon_pkg'
[1.269s] Level 1:colcon.colcon_core.package_identification:_identify(src/depthai/resources/nn/face-detection-retail-0004) by extensions ['colcon_meta']
[1.269s] Level 1:colcon.colcon_core.package_identification:_identify(src/depthai/resources/nn/face-detection-retail-0004) by extension 'colcon_meta'
[1.269s] Level 1:colcon.colcon_core.package_identification:_identify(src/depthai/resources/nn/face-detection-retail-0004) by extensions ['ros']
[1.269s] Level 1:colcon.colcon_core.package_identification:_identify(src/depthai/resources/nn/face-detection-retail-0004) by extension 'ros'
[1.269s] Level 1:colcon.colcon_core.package_identification:_identify(src/depthai/resources/nn/face-detection-retail-0004) by extensions ['cmake', 'python']
[1.269s] Level 1:colcon.colcon_core.package_identification:_identify(src/depthai/resources/nn/face-detection-retail-0004) by extension 'cmake'
[1.269s] Level 1:colcon.colcon_core.package_identification:_identify(src/depthai/resources/nn/face-detection-retail-0004) by extension 'python'
[1.269s] Level 1:colcon.colcon_core.package_identification:_identify(src/depthai/resources/nn/face-detection-retail-0004) by extensions ['python_setup_py']
[1.269s] Level 1:colcon.colcon_core.package_identification:_identify(src/depthai/resources/nn/face-detection-retail-0004) by extension 'python_setup_py'
[1.269s] Level 1:colcon.colcon_core.package_identification:_identify(src/depthai/resources/nn/human-pose-estimation-0001) by extensions ['ignore', 'ignore_ament_install']
[1.269s] Level 1:colcon.colcon_core.package_identification:_identify(src/depthai/resources/nn/human-pose-estimation-0001) by extension 'ignore'
[1.269s] Level 1:colcon.colcon_core.package_identification:_identify(src/depthai/resources/nn/human-pose-estimation-0001) by extension 'ignore_ament_install'
[1.269s] Level 1:colcon.colcon_core.package_identification:_identify(src/depthai/resources/nn/human-pose-estimation-0001) by extensions ['colcon_pkg']
[1.269s] Level 1:colcon.colcon_core.package_identification:_identify(src/depthai/resources/nn/human-pose-estimation-0001) by extension 'colcon_pkg'
[1.269s] Level 1:colcon.colcon_core.package_identification:_identify(src/depthai/resources/nn/human-pose-estimation-0001) by extensions ['colcon_meta']
[1.269s] Level 1:colcon.colcon_core.package_identification:_identify(src/depthai/resources/nn/human-pose-estimation-0001) by extension 'colcon_meta'
[1.269s] Level 1:colcon.colcon_core.package_identification:_identify(src/depthai/resources/nn/human-pose-estimation-0001) by extensions ['ros']
[1.269s] Level 1:colcon.colcon_core.package_identification:_identify(src/depthai/resources/nn/human-pose-estimation-0001) by extension 'ros'
[1.269s] Level 1:colcon.colcon_core.package_identification:_identify(src/depthai/resources/nn/human-pose-estimation-0001) by extensions ['cmake', 'python']
[1.269s] Level 1:colcon.colcon_core.package_identification:_identify(src/depthai/resources/nn/human-pose-estimation-0001) by extension 'cmake'
[1.269s] Level 1:colcon.colcon_core.package_identification:_identify(src/depthai/resources/nn/human-pose-estimation-0001) by extension 'python'
[1.270s] Level 1:colcon.colcon_core.package_identification:_identify(src/depthai/resources/nn/human-pose-estimation-0001) by extensions ['python_setup_py']
[1.270s] Level 1:colcon.colcon_core.package_identification:_identify(src/depthai/resources/nn/human-pose-estimation-0001) by extension 'python_setup_py'
[1.270s] Level 1:colcon.colcon_core.package_identification:_identify(src/depthai/resources/nn/mobilenet-ssd) by extensions ['ignore', 'ignore_ament_install']
[1.270s] Level 1:colcon.colcon_core.package_identification:_identify(src/depthai/resources/nn/mobilenet-ssd) by extension 'ignore'
[1.270s] Level 1:colcon.colcon_core.package_identification:_identify(src/depthai/resources/nn/mobilenet-ssd) by extension 'ignore_ament_install'
[1.270s] Level 1:colcon.colcon_core.package_identification:_identify(src/depthai/resources/nn/mobilenet-ssd) by extensions ['colcon_pkg']
[1.270s] Level 1:colcon.colcon_core.package_identification:_identify(src/depthai/resources/nn/mobilenet-ssd) by extension 'colcon_pkg'
[1.270s] Level 1:colcon.colcon_core.package_identification:_identify(src/depthai/resources/nn/mobilenet-ssd) by extensions ['colcon_meta']
[1.270s] Level 1:colcon.colcon_core.package_identification:_identify(src/depthai/resources/nn/mobilenet-ssd) by extension 'colcon_meta'
[1.270s] Level 1:colcon.colcon_core.package_identification:_identify(src/depthai/resources/nn/mobilenet-ssd) by extensions ['ros']
[1.270s] Level 1:colcon.colcon_core.package_identification:_identify(src/depthai/resources/nn/mobilenet-ssd) by extension 'ros'
[1.270s] Level 1:colcon.colcon_core.package_identification:_identify(src/depthai/resources/nn/mobilenet-ssd) by extensions ['cmake', 'python']
[1.270s] Level 1:colcon.colcon_core.package_identification:_identify(src/depthai/resources/nn/mobilenet-ssd) by extension 'cmake'
[1.270s] Level 1:colcon.colcon_core.package_identification:_identify(src/depthai/resources/nn/mobilenet-ssd) by extension 'python'
[1.270s] Level 1:colcon.colcon_core.package_identification:_identify(src/depthai/resources/nn/mobilenet-ssd) by extensions ['python_setup_py']
[1.270s] Level 1:colcon.colcon_core.package_identification:_identify(src/depthai/resources/nn/mobilenet-ssd) by extension 'python_setup_py'
[1.270s] Level 1:colcon.colcon_core.package_identification:_identify(src/depthai/resources/nn/openpose2) by extensions ['ignore', 'ignore_ament_install']
[1.270s] Level 1:colcon.colcon_core.package_identification:_identify(src/depthai/resources/nn/openpose2) by extension 'ignore'
[1.270s] Level 1:colcon.colcon_core.package_identification:_identify(src/depthai/resources/nn/openpose2) by extension 'ignore_ament_install'
[1.270s] Level 1:colcon.colcon_core.package_identification:_identify(src/depthai/resources/nn/openpose2) by extensions ['colcon_pkg']
[1.270s] Level 1:colcon.colcon_core.package_identification:_identify(src/depthai/resources/nn/openpose2) by extension 'colcon_pkg'
[1.270s] Level 1:colcon.colcon_core.package_identification:_identify(src/depthai/resources/nn/openpose2) by extensions ['colcon_meta']
[1.270s] Level 1:colcon.colcon_core.package_identification:_identify(src/depthai/resources/nn/openpose2) by extension 'colcon_meta'
[1.270s] Level 1:colcon.colcon_core.package_identification:_identify(src/depthai/resources/nn/openpose2) by extensions ['ros']
[1.270s] Level 1:colcon.colcon_core.package_identification:_identify(src/depthai/resources/nn/openpose2) by extension 'ros'
[1.270s] Level 1:colcon.colcon_core.package_identification:_identify(src/depthai/resources/nn/openpose2) by extensions ['cmake', 'python']
[1.270s] Level 1:colcon.colcon_core.package_identification:_identify(src/depthai/resources/nn/openpose2) by extension 'cmake'
[1.270s] Level 1:colcon.colcon_core.package_identification:_identify(src/depthai/resources/nn/openpose2) by extension 'python'
[1.270s] Level 1:colcon.colcon_core.package_identification:_identify(src/depthai/resources/nn/openpose2) by extensions ['python_setup_py']
[1.270s] Level 1:colcon.colcon_core.package_identification:_identify(src/depthai/resources/nn/openpose2) by extension 'python_setup_py'
[1.271s] Level 1:colcon.colcon_core.package_identification:_identify(src/depthai/resources/nn/pedestrian-detection-adas-0002) by extensions ['ignore', 'ignore_ament_install']
[1.271s] Level 1:colcon.colcon_core.package_identification:_identify(src/depthai/resources/nn/pedestrian-detection-adas-0002) by extension 'ignore'
[1.271s] Level 1:colcon.colcon_core.package_identification:_identify(src/depthai/resources/nn/pedestrian-detection-adas-0002) by extension 'ignore_ament_install'
[1.271s] Level 1:colcon.colcon_core.package_identification:_identify(src/depthai/resources/nn/pedestrian-detection-adas-0002) by extensions ['colcon_pkg']
[1.271s] Level 1:colcon.colcon_core.package_identification:_identify(src/depthai/resources/nn/pedestrian-detection-adas-0002) by extension 'colcon_pkg'
[1.271s] Level 1:colcon.colcon_core.package_identification:_identify(src/depthai/resources/nn/pedestrian-detection-adas-0002) by extensions ['colcon_meta']
[1.271s] Level 1:colcon.colcon_core.package_identification:_identify(src/depthai/resources/nn/pedestrian-detection-adas-0002) by extension 'colcon_meta'
[1.271s] Level 1:colcon.colcon_core.package_identification:_identify(src/depthai/resources/nn/pedestrian-detection-adas-0002) by extensions ['ros']
[1.271s] Level 1:colcon.colcon_core.package_identification:_identify(src/depthai/resources/nn/pedestrian-detection-adas-0002) by extension 'ros'
[1.271s] Level 1:colcon.colcon_core.package_identification:_identify(src/depthai/resources/nn/pedestrian-detection-adas-0002) by extensions ['cmake', 'python']
[1.271s] Level 1:colcon.colcon_core.package_identification:_identify(src/depthai/resources/nn/pedestrian-detection-adas-0002) by extension 'cmake'
[1.271s] Level 1:colcon.colcon_core.package_identification:_identify(src/depthai/resources/nn/pedestrian-detection-adas-0002) by extension 'python'
[1.271s] Level 1:colcon.colcon_core.package_identification:_identify(src/depthai/resources/nn/pedestrian-detection-adas-0002) by extensions ['python_setup_py']
[1.271s] Level 1:colcon.colcon_core.package_identification:_identify(src/depthai/resources/nn/pedestrian-detection-adas-0002) by extension 'python_setup_py'
[1.271s] Level 1:colcon.colcon_core.package_identification:_identify(src/depthai/resources/nn/person-detection-retail-0013) by extensions ['ignore', 'ignore_ament_install']
[1.271s] Level 1:colcon.colcon_core.package_identification:_identify(src/depthai/resources/nn/person-detection-retail-0013) by extension 'ignore'
[1.271s] Level 1:colcon.colcon_core.package_identification:_identify(src/depthai/resources/nn/person-detection-retail-0013) by extension 'ignore_ament_install'
[1.271s] Level 1:colcon.colcon_core.package_identification:_identify(src/depthai/resources/nn/person-detection-retail-0013) by extensions ['colcon_pkg']
[1.271s] Level 1:colcon.colcon_core.package_identification:_identify(src/depthai/resources/nn/person-detection-retail-0013) by extension 'colcon_pkg'
[1.271s] Level 1:colcon.colcon_core.package_identification:_identify(src/depthai/resources/nn/person-detection-retail-0013) by extensions ['colcon_meta']
[1.271s] Level 1:colcon.colcon_core.package_identification:_identify(src/depthai/resources/nn/person-detection-retail-0013) by extension 'colcon_meta'
[1.271s] Level 1:colcon.colcon_core.package_identification:_identify(src/depthai/resources/nn/person-detection-retail-0013) by extensions ['ros']
[1.271s] Level 1:colcon.colcon_core.package_identification:_identify(src/depthai/resources/nn/person-detection-retail-0013) by extension 'ros'
[1.271s] Level 1:colcon.colcon_core.package_identification:_identify(src/depthai/resources/nn/person-detection-retail-0013) by extensions ['cmake', 'python']
[1.271s] Level 1:colcon.colcon_core.package_identification:_identify(src/depthai/resources/nn/person-detection-retail-0013) by extension 'cmake'
[1.271s] Level 1:colcon.colcon_core.package_identification:_identify(src/depthai/resources/nn/person-detection-retail-0013) by extension 'python'
[1.271s] Level 1:colcon.colcon_core.package_identification:_identify(src/depthai/resources/nn/person-detection-retail-0013) by extensions ['python_setup_py']
[1.271s] Level 1:colcon.colcon_core.package_identification:_identify(src/depthai/resources/nn/person-detection-retail-0013) by extension 'python_setup_py'
[1.271s] Level 1:colcon.colcon_core.package_identification:_identify(src/depthai/resources/nn/person-vehicle-bike-detection-crossroad-1016) by extensions ['ignore', 'ignore_ament_install']
[1.271s] Level 1:colcon.colcon_core.package_identification:_identify(src/depthai/resources/nn/person-vehicle-bike-detection-crossroad-1016) by extension 'ignore'
[1.271s] Level 1:colcon.colcon_core.package_identification:_identify(src/depthai/resources/nn/person-vehicle-bike-detection-crossroad-1016) by extension 'ignore_ament_install'
[1.271s] Level 1:colcon.colcon_core.package_identification:_identify(src/depthai/resources/nn/person-vehicle-bike-detection-crossroad-1016) by extensions ['colcon_pkg']
[1.271s] Level 1:colcon.colcon_core.package_identification:_identify(src/depthai/resources/nn/person-vehicle-bike-detection-crossroad-1016) by extension 'colcon_pkg'
[1.271s] Level 1:colcon.colcon_core.package_identification:_identify(src/depthai/resources/nn/person-vehicle-bike-detection-crossroad-1016) by extensions ['colcon_meta']
[1.271s] Level 1:colcon.colcon_core.package_identification:_identify(src/depthai/resources/nn/person-vehicle-bike-detection-crossroad-1016) by extension 'colcon_meta'
[1.271s] Level 1:colcon.colcon_core.package_identification:_identify(src/depthai/resources/nn/person-vehicle-bike-detection-crossroad-1016) by extensions ['ros']
[1.271s] Level 1:colcon.colcon_core.package_identification:_identify(src/depthai/resources/nn/person-vehicle-bike-detection-crossroad-1016) by extension 'ros'
[1.271s] Level 1:colcon.colcon_core.package_identification:_identify(src/depthai/resources/nn/person-vehicle-bike-detection-crossroad-1016) by extensions ['cmake', 'python']
[1.271s] Level 1:colcon.colcon_core.package_identification:_identify(src/depthai/resources/nn/person-vehicle-bike-detection-crossroad-1016) by extension 'cmake'
[1.271s] Level 1:colcon.colcon_core.package_identification:_identify(src/depthai/resources/nn/person-vehicle-bike-detection-crossroad-1016) by extension 'python'
[1.272s] Level 1:colcon.colcon_core.package_identification:_identify(src/depthai/resources/nn/person-vehicle-bike-detection-crossroad-1016) by extensions ['python_setup_py']
[1.272s] Level 1:colcon.colcon_core.package_identification:_identify(src/depthai/resources/nn/person-vehicle-bike-detection-crossroad-1016) by extension 'python_setup_py'
[1.272s] Level 1:colcon.colcon_core.package_identification:_identify(src/depthai/resources/nn/road-segmentation-adas-0001) by extensions ['ignore', 'ignore_ament_install']
[1.272s] Level 1:colcon.colcon_core.package_identification:_identify(src/depthai/resources/nn/road-segmentation-adas-0001) by extension 'ignore'
[1.272s] Level 1:colcon.colcon_core.package_identification:_identify(src/depthai/resources/nn/road-segmentation-adas-0001) by extension 'ignore_ament_install'
[1.272s] Level 1:colcon.colcon_core.package_identification:_identify(src/depthai/resources/nn/road-segmentation-adas-0001) by extensions ['colcon_pkg']
[1.272s] Level 1:colcon.colcon_core.package_identification:_identify(src/depthai/resources/nn/road-segmentation-adas-0001) by extension 'colcon_pkg'
[1.272s] Level 1:colcon.colcon_core.package_identification:_identify(src/depthai/resources/nn/road-segmentation-adas-0001) by extensions ['colcon_meta']
[1.272s] Level 1:colcon.colcon_core.package_identification:_identify(src/depthai/resources/nn/road-segmentation-adas-0001) by extension 'colcon_meta'
[1.272s] Level 1:colcon.colcon_core.package_identification:_identify(src/depthai/resources/nn/road-segmentation-adas-0001) by extensions ['ros']
[1.272s] Level 1:colcon.colcon_core.package_identification:_identify(src/depthai/resources/nn/road-segmentation-adas-0001) by extension 'ros'
[1.272s] Level 1:colcon.colcon_core.package_identification:_identify(src/depthai/resources/nn/road-segmentation-adas-0001) by extensions ['cmake', 'python']
[1.272s] Level 1:colcon.colcon_core.package_identification:_identify(src/depthai/resources/nn/road-segmentation-adas-0001) by extension 'cmake'
[1.272s] Level 1:colcon.colcon_core.package_identification:_identify(src/depthai/resources/nn/road-segmentation-adas-0001) by extension 'python'
[1.272s] Level 1:colcon.colcon_core.package_identification:_identify(src/depthai/resources/nn/road-segmentation-adas-0001) by extensions ['python_setup_py']
[1.272s] Level 1:colcon.colcon_core.package_identification:_identify(src/depthai/resources/nn/road-segmentation-adas-0001) by extension 'python_setup_py'
[1.272s] Level 1:colcon.colcon_core.package_identification:_identify(src/depthai/resources/nn/vehicle-detection-adas-0002) by extensions ['ignore', 'ignore_ament_install']
[1.272s] Level 1:colcon.colcon_core.package_identification:_identify(src/depthai/resources/nn/vehicle-detection-adas-0002) by extension 'ignore'
[1.272s] Level 1:colcon.colcon_core.package_identification:_identify(src/depthai/resources/nn/vehicle-detection-adas-0002) by extension 'ignore_ament_install'
[1.272s] Level 1:colcon.colcon_core.package_identification:_identify(src/depthai/resources/nn/vehicle-detection-adas-0002) by extensions ['colcon_pkg']
[1.272s] Level 1:colcon.colcon_core.package_identification:_identify(src/depthai/resources/nn/vehicle-detection-adas-0002) by extension 'colcon_pkg'
[1.272s] Level 1:colcon.colcon_core.package_identification:_identify(src/depthai/resources/nn/vehicle-detection-adas-0002) by extensions ['colcon_meta']
[1.272s] Level 1:colcon.colcon_core.package_identification:_identify(src/depthai/resources/nn/vehicle-detection-adas-0002) by extension 'colcon_meta'
[1.272s] Level 1:colcon.colcon_core.package_identification:_identify(src/depthai/resources/nn/vehicle-detection-adas-0002) by extensions ['ros']
[1.272s] Level 1:colcon.colcon_core.package_identification:_identify(src/depthai/resources/nn/vehicle-detection-adas-0002) by extension 'ros'
[1.272s] Level 1:colcon.colcon_core.package_identification:_identify(src/depthai/resources/nn/vehicle-detection-adas-0002) by extensions ['cmake', 'python']
[1.272s] Level 1:colcon.colcon_core.package_identification:_identify(src/depthai/resources/nn/vehicle-detection-adas-0002) by extension 'cmake'
[1.272s] Level 1:colcon.colcon_core.package_identification:_identify(src/depthai/resources/nn/vehicle-detection-adas-0002) by extension 'python'
[1.272s] Level 1:colcon.colcon_core.package_identification:_identify(src/depthai/resources/nn/vehicle-detection-adas-0002) by extensions ['python_setup_py']
[1.272s] Level 1:colcon.colcon_core.package_identification:_identify(src/depthai/resources/nn/vehicle-detection-adas-0002) by extension 'python_setup_py'
[1.272s] Level 1:colcon.colcon_core.package_identification:_identify(src/depthai/resources/nn/vehicle-license-plate-detection-barrier-0106) by extensions ['ignore', 'ignore_ament_install']
[1.272s] Level 1:colcon.colcon_core.package_identification:_identify(src/depthai/resources/nn/vehicle-license-plate-detection-barrier-0106) by extension 'ignore'
[1.272s] Level 1:colcon.colcon_core.package_identification:_identify(src/depthai/resources/nn/vehicle-license-plate-detection-barrier-0106) by extension 'ignore_ament_install'
[1.272s] Level 1:colcon.colcon_core.package_identification:_identify(src/depthai/resources/nn/vehicle-license-plate-detection-barrier-0106) by extensions ['colcon_pkg']
[1.272s] Level 1:colcon.colcon_core.package_identification:_identify(src/depthai/resources/nn/vehicle-license-plate-detection-barrier-0106) by extension 'colcon_pkg'
[1.272s] Level 1:colcon.colcon_core.package_identification:_identify(src/depthai/resources/nn/vehicle-license-plate-detection-barrier-0106) by extensions ['colcon_meta']
[1.272s] Level 1:colcon.colcon_core.package_identification:_identify(src/depthai/resources/nn/vehicle-license-plate-detection-barrier-0106) by extension 'colcon_meta'
[1.272s] Level 1:colcon.colcon_core.package_identification:_identify(src/depthai/resources/nn/vehicle-license-plate-detection-barrier-0106) by extensions ['ros']
[1.272s] Level 1:colcon.colcon_core.package_identification:_identify(src/depthai/resources/nn/vehicle-license-plate-detection-barrier-0106) by extension 'ros'
[1.272s] Level 1:colcon.colcon_core.package_identification:_identify(src/depthai/resources/nn/vehicle-license-plate-detection-barrier-0106) by extensions ['cmake', 'python']
[1.273s] Level 1:colcon.colcon_core.package_identification:_identify(src/depthai/resources/nn/vehicle-license-plate-detection-barrier-0106) by extension 'cmake'
[1.273s] Level 1:colcon.colcon_core.package_identification:_identify(src/depthai/resources/nn/vehicle-license-plate-detection-barrier-0106) by extension 'python'
[1.273s] Level 1:colcon.colcon_core.package_identification:_identify(src/depthai/resources/nn/vehicle-license-plate-detection-barrier-0106) by extensions ['python_setup_py']
[1.273s] Level 1:colcon.colcon_core.package_identification:_identify(src/depthai/resources/nn/vehicle-license-plate-detection-barrier-0106) by extension 'python_setup_py'
[1.273s] Level 1:colcon.colcon_core.package_identification:_identify(src/depthai/resources/nn/yolo-v3-tf) by extensions ['ignore', 'ignore_ament_install']
[1.273s] Level 1:colcon.colcon_core.package_identification:_identify(src/depthai/resources/nn/yolo-v3-tf) by extension 'ignore'
[1.273s] Level 1:colcon.colcon_core.package_identification:_identify(src/depthai/resources/nn/yolo-v3-tf) by extension 'ignore_ament_install'
[1.273s] Level 1:colcon.colcon_core.package_identification:_identify(src/depthai/resources/nn/yolo-v3-tf) by extensions ['colcon_pkg']
[1.273s] Level 1:colcon.colcon_core.package_identification:_identify(src/depthai/resources/nn/yolo-v3-tf) by extension 'colcon_pkg'
[1.273s] Level 1:colcon.colcon_core.package_identification:_identify(src/depthai/resources/nn/yolo-v3-tf) by extensions ['colcon_meta']
[1.273s] Level 1:colcon.colcon_core.package_identification:_identify(src/depthai/resources/nn/yolo-v3-tf) by extension 'colcon_meta'
[1.273s] Level 1:colcon.colcon_core.package_identification:_identify(src/depthai/resources/nn/yolo-v3-tf) by extensions ['ros']
[1.273s] Level 1:colcon.colcon_core.package_identification:_identify(src/depthai/resources/nn/yolo-v3-tf) by extension 'ros'
[1.273s] Level 1:colcon.colcon_core.package_identification:_identify(src/depthai/resources/nn/yolo-v3-tf) by extensions ['cmake', 'python']
[1.273s] Level 1:colcon.colcon_core.package_identification:_identify(src/depthai/resources/nn/yolo-v3-tf) by extension 'cmake'
[1.273s] Level 1:colcon.colcon_core.package_identification:_identify(src/depthai/resources/nn/yolo-v3-tf) by extension 'python'
[1.273s] Level 1:colcon.colcon_core.package_identification:_identify(src/depthai/resources/nn/yolo-v3-tf) by extensions ['python_setup_py']
[1.273s] Level 1:colcon.colcon_core.package_identification:_identify(src/depthai/resources/nn/yolo-v3-tf) by extension 'python_setup_py'
[1.273s] Level 1:colcon.colcon_core.package_identification:_identify(src/depthai/resources/nn/yolo-v3-tiny-tf) by extensions ['ignore', 'ignore_ament_install']
[1.273s] Level 1:colcon.colcon_core.package_identification:_identify(src/depthai/resources/nn/yolo-v3-tiny-tf) by extension 'ignore'
[1.273s] Level 1:colcon.colcon_core.package_identification:_identify(src/depthai/resources/nn/yolo-v3-tiny-tf) by extension 'ignore_ament_install'
[1.273s] Level 1:colcon.colcon_core.package_identification:_identify(src/depthai/resources/nn/yolo-v3-tiny-tf) by extensions ['colcon_pkg']
[1.273s] Level 1:colcon.colcon_core.package_identification:_identify(src/depthai/resources/nn/yolo-v3-tiny-tf) by extension 'colcon_pkg'
[1.273s] Level 1:colcon.colcon_core.package_identification:_identify(src/depthai/resources/nn/yolo-v3-tiny-tf) by extensions ['colcon_meta']
[1.273s] Level 1:colcon.colcon_core.package_identification:_identify(src/depthai/resources/nn/yolo-v3-tiny-tf) by extension 'colcon_meta'
[1.273s] Level 1:colcon.colcon_core.package_identification:_identify(src/depthai/resources/nn/yolo-v3-tiny-tf) by extensions ['ros']
[1.273s] Level 1:colcon.colcon_core.package_identification:_identify(src/depthai/resources/nn/yolo-v3-tiny-tf) by extension 'ros'
[1.273s] Level 1:colcon.colcon_core.package_identification:_identify(src/depthai/resources/nn/yolo-v3-tiny-tf) by extensions ['cmake', 'python']
[1.273s] Level 1:colcon.colcon_core.package_identification:_identify(src/depthai/resources/nn/yolo-v3-tiny-tf) by extension 'cmake'
[1.273s] Level 1:colcon.colcon_core.package_identification:_identify(src/depthai/resources/nn/yolo-v3-tiny-tf) by extension 'python'
[1.273s] Level 1:colcon.colcon_core.package_identification:_identify(src/depthai/resources/nn/yolo-v3-tiny-tf) by extensions ['python_setup_py']
[1.273s] Level 1:colcon.colcon_core.package_identification:_identify(src/depthai/resources/nn/yolo-v3-tiny-tf) by extension 'python_setup_py'
[1.273s] Level 1:colcon.colcon_core.package_identification:_identify(src/depthai/tests) by extensions ['ignore', 'ignore_ament_install']
[1.273s] Level 1:colcon.colcon_core.package_identification:_identify(src/depthai/tests) by extension 'ignore'
[1.273s] Level 1:colcon.colcon_core.package_identification:_identify(src/depthai/tests) by extension 'ignore_ament_install'
[1.273s] Level 1:colcon.colcon_core.package_identification:_identify(src/depthai/tests) by extensions ['colcon_pkg']
[1.273s] Level 1:colcon.colcon_core.package_identification:_identify(src/depthai/tests) by extension 'colcon_pkg'
[1.273s] Level 1:colcon.colcon_core.package_identification:_identify(src/depthai/tests) by extensions ['colcon_meta']
[1.273s] Level 1:colcon.colcon_core.package_identification:_identify(src/depthai/tests) by extension 'colcon_meta'
[1.273s] Level 1:colcon.colcon_core.package_identification:_identify(src/depthai/tests) by extensions ['ros']
[1.273s] Level 1:colcon.colcon_core.package_identification:_identify(src/depthai/tests) by extension 'ros'
[1.274s] Level 1:colcon.colcon_core.package_identification:_identify(src/depthai/tests) by extensions ['cmake', 'python']
[1.274s] Level 1:colcon.colcon_core.package_identification:_identify(src/depthai/tests) by extension 'cmake'
[1.274s] Level 1:colcon.colcon_core.package_identification:_identify(src/depthai/tests) by extension 'python'
[1.274s] Level 1:colcon.colcon_core.package_identification:_identify(src/depthai/tests) by extensions ['python_setup_py']
[1.274s] Level 1:colcon.colcon_core.package_identification:_identify(src/depthai/tests) by extension 'python_setup_py'
[1.274s] Level 1:colcon.colcon_core.package_identification:_identify(src/depthai/videos) by extensions ['ignore', 'ignore_ament_install']
[1.274s] Level 1:colcon.colcon_core.package_identification:_identify(src/depthai/videos) by extension 'ignore'
[1.274s] Level 1:colcon.colcon_core.package_identification:_identify(src/depthai/videos) by extension 'ignore_ament_install'
[1.274s] Level 1:colcon.colcon_core.package_identification:_identify(src/depthai/videos) by extensions ['colcon_pkg']
[1.274s] Level 1:colcon.colcon_core.package_identification:_identify(src/depthai/videos) by extension 'colcon_pkg'
[1.274s] Level 1:colcon.colcon_core.package_identification:_identify(src/depthai/videos) by extensions ['colcon_meta']
[1.274s] Level 1:colcon.colcon_core.package_identification:_identify(src/depthai/videos) by extension 'colcon_meta'
[1.274s] Level 1:colcon.colcon_core.package_identification:_identify(src/depthai/videos) by extensions ['ros']
[1.274s] Level 1:colcon.colcon_core.package_identification:_identify(src/depthai/videos) by extension 'ros'
[1.274s] Level 1:colcon.colcon_core.package_identification:_identify(src/depthai/videos) by extensions ['cmake', 'python']
[1.274s] Level 1:colcon.colcon_core.package_identification:_identify(src/depthai/videos) by extension 'cmake'
[1.274s] Level 1:colcon.colcon_core.package_identification:_identify(src/depthai/videos) by extension 'python'
[1.274s] Level 1:colcon.colcon_core.package_identification:_identify(src/depthai/videos) by extensions ['python_setup_py']
[1.274s] Level 1:colcon.colcon_core.package_identification:_identify(src/depthai/videos) by extension 'python_setup_py'
[1.274s] Level 1:colcon.colcon_core.package_identification:_identify(src/my_package) by extensions ['ignore', 'ignore_ament_install']
[1.274s] Level 1:colcon.colcon_core.package_identification:_identify(src/my_package) by extension 'ignore'
[1.274s] Level 1:colcon.colcon_core.package_identification:_identify(src/my_package) by extension 'ignore_ament_install'
[1.274s] Level 1:colcon.colcon_core.package_identification:_identify(src/my_package) by extensions ['colcon_pkg']
[1.274s] Level 1:colcon.colcon_core.package_identification:_identify(src/my_package) by extension 'colcon_pkg'
[1.274s] Level 1:colcon.colcon_core.package_identification:_identify(src/my_package) by extensions ['colcon_meta']
[1.274s] Level 1:colcon.colcon_core.package_identification:_identify(src/my_package) by extension 'colcon_meta'
[1.274s] Level 1:colcon.colcon_core.package_identification:_identify(src/my_package) by extensions ['ros']
[1.274s] Level 1:colcon.colcon_core.package_identification:_identify(src/my_package) by extension 'ros'
[1.278s] DEBUG:colcon.colcon_core.package_identification:Package 'src/my_package' with type 'ros.ament_cmake' and name 'my_package'
[1.278s] Level 1:colcon.colcon_core.package_discovery:discover_packages(recursive) using defaults
[1.278s] Level 1:colcon.colcon_core.package_discovery:discover_packages(ignore) discover
[1.278s] Level 1:colcon.colcon_core.package_discovery:discover_packages(ignore) using defaults
[1.278s] Level 1:colcon.colcon_core.package_discovery:discover_packages(path) discover
[1.278s] Level 1:colcon.colcon_core.package_discovery:discover_packages(path) using defaults
[1.335s] Level 1:colcon.colcon_core.package_discovery:discover_packages(prefix_path) check parameters
[1.335s] Level 1:colcon.colcon_core.package_discovery:discover_packages(prefix_path) discover
[1.353s] DEBUG:colcon.colcon_installed_package_information.package_discovery:Found 323 installed packages in /opt/ros/humble
[1.354s] Level 1:colcon.colcon_core.package_discovery:discover_packages(prefix_path) using defaults
[1.421s] Level 5:colcon.colcon_core.verb:set package 'depthai-sdk' build argument 'cmake_args' from command line to 'None'
[1.421s] Level 5:colcon.colcon_core.verb:set package 'depthai-sdk' build argument 'cmake_target' from command line to 'None'
[1.421s] Level 5:colcon.colcon_core.verb:set package 'depthai-sdk' build argument 'cmake_target_skip_unavailable' from command line to 'False'
[1.421s] Level 5:colcon.colcon_core.verb:set package 'depthai-sdk' build argument 'cmake_clean_cache' from command line to 'False'
[1.421s] Level 5:colcon.colcon_core.verb:set package 'depthai-sdk' build argument 'cmake_clean_first' from command line to 'False'
[1.421s] Level 5:colcon.colcon_core.verb:set package 'depthai-sdk' build argument 'cmake_force_configure' from command line to 'False'
[1.421s] Level 5:colcon.colcon_core.verb:set package 'depthai-sdk' build argument 'ament_cmake_args' from command line to 'None'
[1.421s] Level 5:colcon.colcon_core.verb:set package 'depthai-sdk' build argument 'catkin_cmake_args' from command line to 'None'
[1.421s] Level 5:colcon.colcon_core.verb:set package 'depthai-sdk' build argument 'catkin_skip_building_tests' from command line to 'False'
[1.421s] DEBUG:colcon.colcon_core.verb:Building package 'depthai-sdk' with the following arguments: {'ament_cmake_args': None, 'build_base': '/home/ros/dev_ws/build/depthai-sdk', 'catkin_cmake_args': None, 'catkin_skip_building_tests': False, 'cmake_args': None, 'cmake_clean_cache': False, 'cmake_clean_first': False, 'cmake_force_configure': False, 'cmake_target': None, 'cmake_target_skip_unavailable': False, 'install_base': '/home/ros/dev_ws/install/depthai-sdk', 'merge_install': False, 'path': '/home/ros/dev_ws/src/depthai/depthai_sdk', 'symlink_install': True, 'test_result_base': None}
[1.427s] Level 5:colcon.colcon_core.verb:set package 'my_package' build argument 'cmake_args' from command line to 'None'
[1.427s] Level 5:colcon.colcon_core.verb:set package 'my_package' build argument 'cmake_target' from command line to 'None'
[1.427s] Level 5:colcon.colcon_core.verb:set package 'my_package' build argument 'cmake_target_skip_unavailable' from command line to 'False'
[1.427s] Level 5:colcon.colcon_core.verb:set package 'my_package' build argument 'cmake_clean_cache' from command line to 'False'
[1.427s] Level 5:colcon.colcon_core.verb:set package 'my_package' build argument 'cmake_clean_first' from command line to 'False'
[1.427s] Level 5:colcon.colcon_core.verb:set package 'my_package' build argument 'cmake_force_configure' from command line to 'False'
[1.427s] Level 5:colcon.colcon_core.verb:set package 'my_package' build argument 'ament_cmake_args' from command line to 'None'
[1.427s] Level 5:colcon.colcon_core.verb:set package 'my_package' build argument 'catkin_cmake_args' from command line to 'None'
[1.427s] Level 5:colcon.colcon_core.verb:set package 'my_package' build argument 'catkin_skip_building_tests' from command line to 'False'
[1.427s] DEBUG:colcon.colcon_core.verb:Building package 'my_package' with the following arguments: {'ament_cmake_args': None, 'build_base': '/home/ros/dev_ws/build/my_package', 'catkin_cmake_args': None, 'catkin_skip_building_tests': False, 'cmake_args': None, 'cmake_clean_cache': False, 'cmake_clean_first': False, 'cmake_force_configure': False, 'cmake_target': None, 'cmake_target_skip_unavailable': False, 'install_base': '/home/ros/dev_ws/install/my_package', 'merge_install': False, 'path': '/home/ros/dev_ws/src/my_package', 'symlink_install': True, 'test_result_base': None}
[1.435s] INFO:colcon.colcon_core.executor:Executing jobs using 'parallel' executor
[1.442s] DEBUG:colcon.colcon_parallel_executor.executor.parallel:run_until_complete
[1.442s] INFO:colcon.colcon_core.task.python.build:Building Python package in '/home/ros/dev_ws/src/depthai/depthai_sdk'
[1.455s] INFO:colcon.colcon_core.plugin_system:Skipping extension 'colcon_core.shell.bat': Not used on non-Windows systems
[1.455s] INFO:colcon.colcon_core.shell:Skip shell extension 'powershell' for command environment: Not usable outside of PowerShell
[1.455s] DEBUG:colcon.colcon_core.shell:Skip shell extension 'dsv' for command environment
[1.473s] INFO:colcon.colcon_ros.task.ament_cmake.build:Building ROS package in '/home/ros/dev_ws/src/my_package' with build type 'ament_cmake'
[1.474s] INFO:colcon.colcon_cmake.task.cmake.build:Building CMake package in '/home/ros/dev_ws/src/my_package'
[1.491s] INFO:colcon.colcon_core.shell:Skip shell extension 'powershell' for command environment: Not usable outside of PowerShell
[1.491s] DEBUG:colcon.colcon_core.shell:Skip shell extension 'dsv' for command environment
[1.668s] DEBUG:colcon.colcon_core.event_handler.log_command:Invoking command in '/home/ros/dev_ws/build/my_package': CMAKE_PREFIX_PATH=/opt/ros/humble /usr/bin/cmake /home/ros/dev_ws/src/my_package -DAMENT_CMAKE_SYMLINK_INSTALL=1 -DCMAKE_INSTALL_PREFIX=/home/ros/dev_ws/install/my_package
[1.920s] DEBUG:colcon.colcon_core.event_handler.log_command:Invoking command in '/home/ros/dev_ws/build/depthai-sdk': PYTHONPATH=/home/ros/dev_ws/build/depthai-sdk/prefix_override:/home/ros/dev_ws/install/depthai-sdk/lib/python3.10/site-packages:${PYTHONPATH} /usr/bin/python3 setup.py develop --editable --build-directory /home/ros/dev_ws/build/depthai-sdk/build --no-deps
[2.047s] DEBUG:colcon.colcon_core.event_handler.log_command:Invoked command in '/home/ros/dev_ws/build/depthai-sdk' returned '1': PYTHONPATH=/home/ros/dev_ws/build/depthai-sdk/prefix_override:/home/ros/dev_ws/install/depthai-sdk/lib/python3.10/site-packages:${PYTHONPATH} /usr/bin/python3 setup.py develop --editable --build-directory /home/ros/dev_ws/build/depthai-sdk/build --no-deps
[2.951s] DEBUG:colcon.colcon_parallel_executor.executor.parallel:closing loop
[2.951s] DEBUG:colcon.colcon_parallel_executor.executor.parallel:loop closed
[2.951s] DEBUG:colcon.colcon_parallel_executor.executor.parallel:run_until_complete finished with '1'
[2.951s] DEBUG:colcon.colcon_core.event_reactor:joining thread
[3.001s] INFO:colcon.colcon_core.plugin_system:Skipping extension 'colcon_notification.desktop_notification.notify_send': Could not find 'notify-send'
[3.001s] INFO:colcon.colcon_core.plugin_system:Skipping extension 'colcon_notification.desktop_notification.terminal_notifier': Not used on non-Darwin systems
[3.002s] INFO:colcon.colcon_core.plugin_system:Skipping extension 'colcon_notification.desktop_notification.win32': Not used on non-Windows systems
[3.002s] INFO:colcon.colcon_notification.desktop_notification:Sending desktop notification using 'notify2'
[3.011s] DEBUG:colcon.colcon_notification.desktop_notification.notify2:Failed to initialize notify2: org.freedesktop.DBus.Error.ServiceUnknown: The name org.freedesktop.Notifications was not provided by any .service files
[3.011s] DEBUG:colcon.colcon_core.event_reactor:joined thread
[3.022s] INFO:colcon.colcon_core.shell:Creating prefix script '/home/ros/dev_ws/install/local_setup.ps1'
[3.023s] INFO:colcon.colcon_core.shell:Creating prefix util module '/home/ros/dev_ws/install/_local_setup_util_ps1.py'
[3.024s] INFO:colcon.colcon_core.shell:Creating prefix chain script '/home/ros/dev_ws/install/setup.ps1'
[3.031s] INFO:colcon.colcon_core.shell:Creating prefix script '/home/ros/dev_ws/install/local_setup.sh'
[3.032s] INFO:colcon.colcon_core.shell:Creating prefix util module '/home/ros/dev_ws/install/_local_setup_util_sh.py'
[3.032s] INFO:colcon.colcon_core.shell:Creating prefix chain script '/home/ros/dev_ws/install/setup.sh'
[3.039s] INFO:colcon.colcon_core.shell:Creating prefix script '/home/ros/dev_ws/install/local_setup.bash'
[3.040s] INFO:colcon.colcon_core.shell:Creating prefix chain script '/home/ros/dev_ws/install/setup.bash'
[3.046s] INFO:colcon.colcon_core.shell:Creating prefix script '/home/ros/dev_ws/install/local_setup.zsh'
[3.047s] INFO:colcon.colcon_core.shell:Creating prefix chain script '/home/ros/dev_ws/install/setup.zsh'
