[0.099s] Invoking command in '/home/ros/dev_ws/build/my_bot': CMAKE_PREFIX_PATH=${CMAKE_PREFIX_PATH}:/opt/ros/humble /usr/bin/cmake /home/ros/dev_ws/src/my_bot -DCMAKE_INSTALL_PREFIX=/home/ros/dev_ws/install/my_bot
[0.108s] -- Found ament_cmake: 1.3.8 (/opt/ros/humble/share/ament_cmake/cmake)
[0.220s] -- Override CMake install command with custom implementation using symlinks instead of copying resources
[0.226s] -- Found ament_lint_auto: 0.12.10 (/opt/ros/humble/share/ament_lint_auto/cmake)
[0.289s] -- Added test 'copyright' to check source files copyright and LICENSE
[0.291s] -- Added test 'flake8' to check Python code syntax and style conventions
[0.291s] -- Added test 'lint_cmake' to check CMake code style
[0.293s] -- Added test 'pep257' to check Python code against some of the docstring style conventions in PEP 257
[0.294s] -- Added test 'xmllint' to check XML markup files
[0.297s] -- Configuring done
[0.300s] -- Generating done
[0.302s] -- Build files have been written to: /home/ros/dev_ws/build/my_bot
[0.308s] Invoked command in '/home/ros/dev_ws/build/my_bot' returned '0': CMAKE_PREFIX_PATH=${CMAKE_PREFIX_PATH}:/opt/ros/humble /usr/bin/cmake /home/ros/dev_ws/src/my_bot -DCMAKE_INSTALL_PREFIX=/home/ros/dev_ws/install/my_bot
[0.310s] Invoking command in '/home/ros/dev_ws/build/my_bot': CMAKE_PREFIX_PATH=${CMAKE_PREFIX_PATH}:/opt/ros/humble /usr/bin/cmake --build /home/ros/dev_ws/build/my_bot -- -j16 -l16
[0.347s] Invoked command in '/home/ros/dev_ws/build/my_bot' returned '0': CMAKE_PREFIX_PATH=${CMAKE_PREFIX_PATH}:/opt/ros/humble /usr/bin/cmake --build /home/ros/dev_ws/build/my_bot -- -j16 -l16
[0.369s] Invoking command in '/home/ros/dev_ws/build/my_bot': CMAKE_PREFIX_PATH=${CMAKE_PREFIX_PATH}:/opt/ros/humble /usr/bin/cmake --install /home/ros/dev_ws/build/my_bot
[0.374s] -- Install configuration: ""
[0.375s] -- Execute custom install script
[0.375s] -- Up-to-date symlink: /home/ros/dev_ws/install/my_bot/share/my_bot/config/empty.yaml
[0.375s] -- Up-to-date symlink: /home/ros/dev_ws/install/my_bot/share/my_bot/description/robot.urdf.xacro
[0.376s] -- Up-to-date symlink: /home/ros/dev_ws/install/my_bot/share/my_bot/launch/rsp.launch.py
[0.376s] -- Up-to-date symlink: /home/ros/dev_ws/install/my_bot/share/my_bot/worlds/empty.world
[0.376s] -- Up-to-date symlink: /home/ros/dev_ws/install/my_bot/share/ament_index/resource_index/package_run_dependencies/my_bot
[0.377s] -- Up-to-date symlink: /home/ros/dev_ws/install/my_bot/share/ament_index/resource_index/parent_prefix_path/my_bot
[0.377s] -- Up-to-date symlink: /home/ros/dev_ws/install/my_bot/share/my_bot/environment/ament_prefix_path.sh
[0.377s] -- Up-to-date symlink: /home/ros/dev_ws/install/my_bot/share/my_bot/environment/ament_prefix_path.dsv
[0.377s] -- Up-to-date symlink: /home/ros/dev_ws/install/my_bot/share/my_bot/environment/path.sh
[0.377s] -- Up-to-date symlink: /home/ros/dev_ws/install/my_bot/share/my_bot/environment/path.dsv
[0.377s] -- Up-to-date symlink: /home/ros/dev_ws/install/my_bot/share/my_bot/local_setup.bash
[0.377s] -- Up-to-date symlink: /home/ros/dev_ws/install/my_bot/share/my_bot/local_setup.sh
[0.377s] -- Up-to-date symlink: /home/ros/dev_ws/install/my_bot/share/my_bot/local_setup.zsh
[0.377s] -- Up-to-date symlink: /home/ros/dev_ws/install/my_bot/share/my_bot/local_setup.dsv
[0.377s] -- Symlinking: /home/ros/dev_ws/install/my_bot/share/my_bot/package.dsv
[0.385s] -- Up-to-date symlink: /home/ros/dev_ws/install/my_bot/share/ament_index/resource_index/packages/my_bot
[0.385s] -- Up-to-date symlink: /home/ros/dev_ws/install/my_bot/share/my_bot/cmake/my_botConfig.cmake
[0.387s] -- Up-to-date symlink: /home/ros/dev_ws/install/my_bot/share/my_bot/cmake/my_botConfig-version.cmake
[0.387s] -- Up-to-date symlink: /home/ros/dev_ws/install/my_bot/share/my_bot/package.xml
[0.388s] Invoked command in '/home/ros/dev_ws/build/my_bot' returned '0': CMAKE_PREFIX_PATH=${CMAKE_PREFIX_PATH}:/opt/ros/humble /usr/bin/cmake --install /home/ros/dev_ws/build/my_bot
