[0.093s] Invoking command in '/home/ros/dev_ws/build/my_bot': CMAKE_PREFIX_PATH=${CMAKE_PREFIX_PATH}:/opt/ros/humble /usr/bin/cmake --build /home/ros/dev_ws/build/my_bot -- -j16 -l16
[0.162s] Invoked command in '/home/ros/dev_ws/build/my_bot' returned '0': CMAKE_PREFIX_PATH=${CMAKE_PREFIX_PATH}:/opt/ros/humble /usr/bin/cmake --build /home/ros/dev_ws/build/my_bot -- -j16 -l16
[0.237s] Invoking command in '/home/ros/dev_ws/build/my_bot': CMAKE_PREFIX_PATH=${CMAKE_PREFIX_PATH}:/opt/ros/humble /usr/bin/cmake --install /home/ros/dev_ws/build/my_bot
[0.253s] -- Install configuration: ""
[0.254s] -- Execute custom install script
[0.255s] -- Up-to-date symlink: /home/ros/dev_ws/install/my_bot/share/my_bot/config/empty.yaml
[0.256s] -- Symlinking: /home/ros/dev_ws/install/my_bot/share/my_bot/description/inertial_macros.xacro
[0.277s] -- Up-to-date symlink: /home/ros/dev_ws/install/my_bot/share/my_bot/description/robot.urdf.xacro
[0.277s] -- Up-to-date symlink: /home/ros/dev_ws/install/my_bot/share/my_bot/description/robot_core.xacro
[0.277s] -- Up-to-date symlink: /home/ros/dev_ws/install/my_bot/share/my_bot/launch/rsp.launch.py
[0.278s] -- Up-to-date symlink: /home/ros/dev_ws/install/my_bot/share/my_bot/worlds/empty.world
[0.279s] -- Up-to-date symlink: /home/ros/dev_ws/install/my_bot/share/ament_index/resource_index/package_run_dependencies/my_bot
[0.279s] -- Up-to-date symlink: /home/ros/dev_ws/install/my_bot/share/ament_index/resource_index/parent_prefix_path/my_bot
[0.280s] -- Up-to-date symlink: /home/ros/dev_ws/install/my_bot/share/my_bot/environment/ament_prefix_path.sh
[0.282s] -- Up-to-date symlink: /home/ros/dev_ws/install/my_bot/share/my_bot/environment/ament_prefix_path.dsv
[0.282s] -- Up-to-date symlink: /home/ros/dev_ws/install/my_bot/share/my_bot/environment/path.sh
[0.283s] -- Up-to-date symlink: /home/ros/dev_ws/install/my_bot/share/my_bot/environment/path.dsv
[0.283s] -- Up-to-date symlink: /home/ros/dev_ws/install/my_bot/share/my_bot/local_setup.bash
[0.283s] -- Up-to-date symlink: /home/ros/dev_ws/install/my_bot/share/my_bot/local_setup.sh
[0.284s] -- Up-to-date symlink: /home/ros/dev_ws/install/my_bot/share/my_bot/local_setup.zsh
[0.284s] -- Up-to-date symlink: /home/ros/dev_ws/install/my_bot/share/my_bot/local_setup.dsv
[0.284s] -- Symlinking: /home/ros/dev_ws/install/my_bot/share/my_bot/package.dsv
[0.299s] -- Up-to-date symlink: /home/ros/dev_ws/install/my_bot/share/ament_index/resource_index/packages/my_bot
[0.299s] -- Up-to-date symlink: /home/ros/dev_ws/install/my_bot/share/my_bot/cmake/my_botConfig.cmake
[0.299s] -- Up-to-date symlink: /home/ros/dev_ws/install/my_bot/share/my_bot/cmake/my_botConfig-version.cmake
[0.299s] -- Up-to-date symlink: /home/ros/dev_ws/install/my_bot/share/my_bot/package.xml
[0.334s] Invoked command in '/home/ros/dev_ws/build/my_bot' returned '0': CMAKE_PREFIX_PATH=${CMAKE_PREFIX_PATH}:/opt/ros/humble /usr/bin/cmake --install /home/ros/dev_ws/build/my_bot
