[0.036s] Invoking command in '/home/ros/CyberTron/build/my_package': CMAKE_PREFIX_PATH=/opt/ros/humble /usr/bin/cmake --build /home/ros/CyberTron/build/my_package -- -j16 -l16
[0.047s] [0mCMake Error: The current CMakeCache.txt directory /home/ros/CyberTron/build/my_package/CMakeCache.txt is different than the directory /home/ros/dev_ws/build/my_package where CMakeCache.txt was created. This may result in binaries being created in the wrong place. If you are not sure, reedit the CMakeCache.txt[0m
[0.090s] Invoked command in '/home/ros/CyberTron/build/my_package' returned '0': CMAKE_PREFIX_PATH=/opt/ros/humble /usr/bin/cmake --build /home/ros/CyberTron/build/my_package -- -j16 -l16
[0.108s] Invoking command in '/home/ros/CyberTron/build/my_package': CMAKE_PREFIX_PATH=/opt/ros/humble /usr/bin/cmake --install /home/ros/CyberTron/build/my_package
[0.112s] -- Install configuration: ""
[0.112s] -- Execute custom install script
[0.113s] -- Up-to-date symlink: /home/ros/dev_ws/install/my_package/share/my_package/launch/listener.launch.py
[0.113s] -- Up-to-date symlink: /home/ros/dev_ws/install/my_package/share/my_package/launch/talker.launch.py
[0.113s] -- Up-to-date symlink: /home/ros/dev_ws/install/my_package/share/ament_index/resource_index/package_run_dependencies/my_package
[0.113s] -- Up-to-date symlink: /home/ros/dev_ws/install/my_package/share/ament_index/resource_index/parent_prefix_path/my_package
[0.114s] -- Up-to-date symlink: /home/ros/dev_ws/install/my_package/share/my_package/environment/ament_prefix_path.sh
[0.114s] -- Up-to-date symlink: /home/ros/dev_ws/install/my_package/share/my_package/environment/ament_prefix_path.dsv
[0.114s] -- Up-to-date symlink: /home/ros/dev_ws/install/my_package/share/my_package/environment/path.sh
[0.114s] -- Up-to-date symlink: /home/ros/dev_ws/install/my_package/share/my_package/environment/path.dsv
[0.114s] -- Up-to-date symlink: /home/ros/dev_ws/install/my_package/share/my_package/local_setup.bash
[0.114s] -- Up-to-date symlink: /home/ros/dev_ws/install/my_package/share/my_package/local_setup.sh
[0.114s] -- Up-to-date symlink: /home/ros/dev_ws/install/my_package/share/my_package/local_setup.zsh
[0.115s] -- Up-to-date symlink: /home/ros/dev_ws/install/my_package/share/my_package/local_setup.dsv
[0.115s] -- Symlinking: /home/ros/dev_ws/install/my_package/share/my_package/package.dsv
[0.127s] -- Up-to-date symlink: /home/ros/dev_ws/install/my_package/share/ament_index/resource_index/packages/my_package
[0.127s] -- Up-to-date symlink: /home/ros/dev_ws/install/my_package/share/my_package/cmake/my_packageConfig.cmake
[0.127s] -- Up-to-date symlink: /home/ros/dev_ws/install/my_package/share/my_package/cmake/my_packageConfig-version.cmake
[0.128s] -- Up-to-date symlink: /home/ros/dev_ws/install/my_package/share/my_package/package.xml
[0.157s] Invoked command in '/home/ros/CyberTron/build/my_package' returned '0': CMAKE_PREFIX_PATH=/opt/ros/humble /usr/bin/cmake --install /home/ros/CyberTron/build/my_package
